{"meta": {"format": 3, "version": "7.6.10", "timestamp": "2025-10-24T21:37:16.834795", "branch_coverage": false, "show_contexts": false}, "files": {"src/agents/graph_enrichment_agent.py": {"executed_lines": [], "summary": {"covered_lines": 0, "num_statements": 258, "percent_covered": 0.0, "percent_covered_display": "0.00", "missing_lines": 258, "excluded_lines": 2}, "missing_lines": [6, 7, 8, 9, 10, 11, 12, 13, 14, 15, 17, 18, 20, 26, 27, 28, 31, 36, 46, 48, 49, 51, 56, 57, 66, 68, 69, 72, 86, 88, 90, 92, 94, 101, 106, 123, 125, 127, 129, 130, 137, 141, 155, 157, 158, 160, 161, 168, 169, 172, 173, 174, 176, 177, 178, 181, 182, 183, 185, 186, 188, 190, 194, 206, 207, 217, 218, 219, 220, 221, 223, 224, 225, 227, 231, 246, 247, 257, 258, 259, 260, 263, 264, 266, 268, 269, 270, 272, 277, 290, 292, 293, 296, 297, 298, 300, 301, 302, 303, 304, 305, 306, 307, 309, 318, 319, 329, 331, 332, 333, 335, 340, 341, 354, 356, 357, 359, 364, 365, 378, 380, 381, 383, 390, 391, 393, 395, 402, 403, 404, 412, 420, 421, 422, 430, 439, 440, 441, 448, 449, 451, 453, 457, 459, 461, 470, 471, 473, 474, 477, 489, 493, 495, 497, 501, 503, 504, 507, 509, 511, 512, 515, 519, 521, 522, 523, 524, 526, 527, 529, 531, 535, 562, 563, 573, 574, 575, 576, 579, 580, 582, 583, 585, 587, 591, 593, 594, 596, 623, 624, 631, 632, 641, 643, 644, 646, 650, 652, 654, 663, 665, 666, 669, 672, 684, 686, 698, 704, 706, 710, 712, 713, 714, 716, 719, 720, 721, 722, 725, 726, 729, 730, 732, 735, 736, 738, 739, 740, 741, 742, 743, 745, 746, 748, 750, 751, 754, 756, 758, 759, 760, 761, 762, 763, 765, 766, 768, 769, 770, 773, 774, 775, 778, 779, 780, 781, 782, 785], "excluded_lines": [788, 789], "functions": {"GraphEnrichmentAgent.__init__": {"executed_lines": [], "summary": {"covered_lines": 0, "num_statements": 4, "percent_covered": 0.0, "percent_covered_display": "0.00", "missing_lines": 4, "excluded_lines": 0}, "missing_lines": [27, 28, 31, 36], "excluded_lines": []}, "GraphEnrichmentAgent.initialize": {"executed_lines": [], "summary": {"covered_lines": 0, "num_statements": 2, "percent_covered": 0.0, "percent_covered_display": "0.00", "missing_lines": 2, "excluded_lines": 0}, "missing_lines": [48, 49], "excluded_lines": []}, "GraphEnrichmentAgent.run_inference_cycle": {"executed_lines": [], "summary": {"covered_lines": 0, "num_statements": 39, "percent_covered": 0.0, "percent_covered_display": "0.00", "missing_lines": 39, "excluded_lines": 0}, "missing_lines": [56, 57, 66, 68, 69, 72, 86, 88, 90, 92, 94, 101, 106, 123, 125, 127, 129, 130, 137, 141, 155, 157, 158, 160, 161, 168, 169, 172, 173, 174, 176, 177, 178, 181, 182, 183, 185, 186, 188], "excluded_lines": []}, "GraphEnrichmentAgent._validate_transitive_inference": {"executed_lines": [], "summary": {"covered_lines": 0, "num_statements": 11, "percent_covered": 0.0, "percent_covered_display": "0.00", "missing_lines": 11, "excluded_lines": 0}, "missing_lines": [194, 206, 207, 217, 218, 219, 220, 221, 223, 224, 225], "excluded_lines": []}, "GraphEnrichmentAgent._analyze_cooccurrence": {"executed_lines": [], "summary": {"covered_lines": 0, "num_statements": 13, "percent_covered": 0.0, "percent_covered_display": "0.00", "missing_lines": 13, "excluded_lines": 0}, "missing_lines": [231, 246, 247, 257, 258, 259, 260, 263, 264, 266, 268, 269, 270], "excluded_lines": []}, "GraphEnrichmentAgent._generate_node_synthesis": {"executed_lines": [], "summary": {"covered_lines": 0, "num_statements": 22, "percent_covered": 0.0, "percent_covered_display": "0.00", "missing_lines": 22, "excluded_lines": 0}, "missing_lines": [277, 290, 292, 293, 296, 297, 298, 300, 301, 302, 303, 304, 305, 306, 307, 309, 318, 319, 329, 331, 332, 333], "excluded_lines": []}, "GraphEnrichmentAgent._create_inferred_relation": {"executed_lines": [], "summary": {"covered_lines": 0, "num_statements": 5, "percent_covered": 0.0, "percent_covered_display": "0.00", "missing_lines": 5, "excluded_lines": 0}, "missing_lines": [340, 341, 354, 356, 357], "excluded_lines": []}, "GraphEnrichmentAgent._create_suggested_relation": {"executed_lines": [], "summary": {"covered_lines": 0, "num_statements": 5, "percent_covered": 0.0, "percent_covered_display": "0.00", "missing_lines": 5, "excluded_lines": 0}, "missing_lines": [364, 365, 378, 380, 381], "excluded_lines": []}, "GraphEnrichmentAgent.detect_anomalies": {"executed_lines": [], "summary": {"covered_lines": 0, "num_statements": 18, "percent_covered": 0.0, "percent_covered_display": "0.00", "missing_lines": 18, "excluded_lines": 0}, "missing_lines": [390, 391, 393, 395, 402, 403, 404, 412, 420, 421, 422, 430, 439, 440, 441, 448, 449, 451], "excluded_lines": []}, "GraphEnrichmentAgent.validate_suggested_relations": {"executed_lines": [], "summary": {"covered_lines": 0, "num_statements": 8, "percent_covered": 0.0, "percent_covered_display": "0.00", "missing_lines": 8, "excluded_lines": 0}, "missing_lines": [457, 459, 461, 470, 471, 473, 474, 477], "excluded_lines": []}, "GraphEnrichmentAgent.process_negative_feedback": {"executed_lines": [], "summary": {"covered_lines": 0, "num_statements": 19, "percent_covered": 0.0, "percent_covered_display": "0.00", "missing_lines": 19, "excluded_lines": 0}, "missing_lines": [493, 495, 497, 501, 503, 504, 507, 509, 511, 512, 515, 519, 521, 522, 523, 524, 526, 527, 529], "excluded_lines": []}, "GraphEnrichmentAgent._analyze_feedback_for_correction": {"executed_lines": [], "summary": {"covered_lines": 0, "num_statements": 12, "percent_covered": 0.0, "percent_covered_display": "0.00", "missing_lines": 12, "excluded_lines": 0}, "missing_lines": [535, 562, 563, 573, 574, 575, 576, 579, 580, 582, 583, 585], "excluded_lines": []}, "GraphEnrichmentAgent._create_correction_node": {"executed_lines": [], "summary": {"covered_lines": 0, "num_statements": 11, "percent_covered": 0.0, "percent_covered_display": "0.00", "missing_lines": 11, "excluded_lines": 0}, "missing_lines": [591, 593, 594, 596, 623, 624, 631, 632, 641, 643, 644], "excluded_lines": []}, "GraphEnrichmentAgent.apply_corrections": {"executed_lines": [], "summary": {"covered_lines": 0, "num_statements": 12, "percent_covered": 0.0, "percent_covered_display": "0.00", "missing_lines": 12, "excluded_lines": 0}, "missing_lines": [650, 652, 654, 663, 665, 666, 669, 672, 684, 686, 698, 704], "excluded_lines": []}, "GraphEnrichmentAgent.run_continuous": {"executed_lines": [], "summary": {"covered_lines": 0, "num_statements": 24, "percent_covered": 0.0, "percent_covered_display": "0.00", "missing_lines": 24, "excluded_lines": 0}, "missing_lines": [710, 712, 713, 714, 716, 719, 720, 721, 722, 725, 726, 729, 730, 732, 735, 736, 738, 739, 740, 741, 742, 743, 745, 746], "excluded_lines": []}, "GraphEnrichmentAgent.close": {"executed_lines": [], "summary": {"covered_lines": 0, "num_statements": 2, "percent_covered": 0.0, "percent_covered_display": "0.00", "missing_lines": 2, "excluded_lines": 0}, "missing_lines": [750, 751], "excluded_lines": []}, "main": {"executed_lines": [], "summary": {"covered_lines": 0, "num_statements": 21, "percent_covered": 0.0, "percent_covered_display": "0.00", "missing_lines": 21, "excluded_lines": 0}, "missing_lines": [756, 758, 759, 760, 761, 762, 763, 765, 766, 768, 769, 770, 773, 774, 775, 778, 779, 780, 781, 782, 785], "excluded_lines": []}, "": {"executed_lines": [], "summary": {"covered_lines": 0, "num_statements": 30, "percent_covered": 0.0, "percent_covered_display": "0.00", "missing_lines": 30, "excluded_lines": 2}, "missing_lines": [6, 7, 8, 9, 10, 11, 12, 13, 14, 15, 17, 18, 20, 26, 46, 51, 190, 227, 272, 335, 359, 383, 453, 489, 531, 587, 646, 706, 748, 754], "excluded_lines": [788, 789]}}, "classes": {"GraphEnrichmentAgent": {"executed_lines": [], "summary": {"covered_lines": 0, "num_statements": 207, "percent_covered": 0.0, "percent_covered_display": "0.00", "missing_lines": 207, "excluded_lines": 0}, "missing_lines": [27, 28, 31, 36, 48, 49, 56, 57, 66, 68, 69, 72, 86, 88, 90, 92, 94, 101, 106, 123, 125, 127, 129, 130, 137, 141, 155, 157, 158, 160, 161, 168, 169, 172, 173, 174, 176, 177, 178, 181, 182, 183, 185, 186, 188, 194, 206, 207, 217, 218, 219, 220, 221, 223, 224, 225, 231, 246, 247, 257, 258, 259, 260, 263, 264, 266, 268, 269, 270, 277, 290, 292, 293, 296, 297, 298, 300, 301, 302, 303, 304, 305, 306, 307, 309, 318, 319, 329, 331, 332, 333, 340, 341, 354, 356, 357, 364, 365, 378, 380, 381, 390, 391, 393, 395, 402, 403, 404, 412, 420, 421, 422, 430, 439, 440, 441, 448, 449, 451, 457, 459, 461, 470, 471, 473, 474, 477, 493, 495, 497, 501, 503, 504, 507, 509, 511, 512, 515, 519, 521, 522, 523, 524, 526, 527, 529, 535, 562, 563, 573, 574, 575, 576, 579, 580, 582, 583, 585, 591, 593, 594, 596, 623, 624, 631, 632, 641, 643, 644, 650, 652, 654, 663, 665, 666, 669, 672, 684, 686, 698, 704, 710, 712, 713, 714, 716, 719, 720, 721, 722, 725, 726, 729, 730, 732, 735, 736, 738, 739, 740, 741, 742, 743, 745, 746, 750, 751], "excluded_lines": []}, "": {"executed_lines": [], "summary": {"covered_lines": 0, "num_statements": 51, "percent_covered": 0.0, "percent_covered_display": "0.00", "missing_lines": 51, "excluded_lines": 2}, "missing_lines": [6, 7, 8, 9, 10, 11, 12, 13, 14, 15, 17, 18, 20, 26, 46, 51, 190, 227, 272, 335, 359, 383, 453, 489, 531, 587, 646, 706, 748, 754, 756, 758, 759, 760, 761, 762, 763, 765, 766, 768, 769, 770, 773, 774, 775, 778, 779, 780, 781, 782, 785], "excluded_lines": [788, 789]}}}, "src/api/admin.py": {"executed_lines": [], "summary": {"covered_lines": 0, "num_statements": 135, "percent_covered": 0.0, "percent_covered_display": "0.00", "missing_lines": 135, "excluded_lines": 0}, "missing_lines": [5, 6, 7, 8, 10, 11, 12, 13, 15, 18, 22, 23, 27, 30, 37, 38, 42, 44, 45, 52, 54, 55, 57, 58, 59, 65, 66, 73, 75, 76, 82, 83, 88, 91, 92, 98, 108, 109, 111, 112, 115, 121, 122, 125, 127, 129, 130, 132, 139, 140, 141, 142, 143, 144, 147, 148, 151, 152, 166, 167, 168, 178, 179, 180, 181, 182, 184, 185, 188, 190, 192, 200, 201, 202, 203, 204, 210, 211, 219, 221, 222, 228, 229, 234, 237, 238, 244, 251, 252, 254, 260, 261, 262, 264, 275, 276, 277, 285, 286, 287, 288, 289, 291, 293, 295, 304, 305, 306, 307, 308, 314, 315, 319, 321, 324, 331, 337, 343, 349, 350, 351, 353, 380, 381, 382, 383, 384, 385, 386, 387, 389, 391, 403, 404, 405], "excluded_lines": [], "functions": {"require_admin": {"executed_lines": [], "summary": {"covered_lines": 0, "num_statements": 3, "percent_covered": 0.0, "percent_covered_display": "0.00", "missing_lines": 3, "excluded_lines": 0}, "missing_lines": [22, 23, 27], "excluded_lines": []}, "get_pending_evaluations": {"executed_lines": [], "summary": {"covered_lines": 0, "num_statements": 9, "percent_covered": 0.0, "percent_covered_display": "0.00", "missing_lines": 9, "excluded_lines": 0}, "missing_lines": [42, 44, 45, 52, 54, 55, 57, 58, 59], "excluded_lines": []}, "approve_evaluation": {"executed_lines": [], "summary": {"covered_lines": 0, "num_statements": 49, "percent_covered": 0.0, "percent_covered_display": "0.00", "missing_lines": 49, "excluded_lines": 0}, "missing_lines": [73, 75, 76, 82, 83, 88, 91, 92, 98, 108, 109, 111, 112, 115, 121, 122, 125, 127, 129, 130, 132, 139, 140, 141, 142, 143, 144, 147, 148, 151, 152, 166, 167, 168, 178, 179, 180, 181, 182, 184, 185, 188, 190, 192, 200, 201, 202, 203, 204], "excluded_lines": []}, "reject_evaluation": {"executed_lines": [], "summary": {"covered_lines": 0, "num_statements": 32, "percent_covered": 0.0, "percent_covered_display": "0.00", "missing_lines": 32, "excluded_lines": 0}, "missing_lines": [219, 221, 222, 228, 229, 234, 237, 238, 244, 251, 252, 254, 260, 261, 262, 264, 275, 276, 277, 285, 286, 287, 288, 289, 291, 293, 295, 304, 305, 306, 307, 308], "excluded_lines": []}, "get_admin_stats": {"executed_lines": [], "summary": {"covered_lines": 0, "num_statements": 23, "percent_covered": 0.0, "percent_covered_display": "0.00", "missing_lines": 23, "excluded_lines": 0}, "missing_lines": [319, 321, 324, 331, 337, 343, 349, 350, 351, 353, 380, 381, 382, 383, 384, 385, 386, 387, 389, 391, 403, 404, 405], "excluded_lines": []}, "": {"executed_lines": [], "summary": {"covered_lines": 0, "num_statements": 19, "percent_covered": 0.0, "percent_covered_display": "0.00", "missing_lines": 19, "excluded_lines": 0}, "missing_lines": [5, 6, 7, 8, 10, 11, 12, 13, 15, 18, 30, 37, 38, 65, 66, 210, 211, 314, 315], "excluded_lines": []}}, "classes": {"": {"executed_lines": [], "summary": {"covered_lines": 0, "num_statements": 135, "percent_covered": 0.0, "percent_covered_display": "0.00", "missing_lines": 135, "excluded_lines": 0}, "missing_lines": [5, 6, 7, 8, 10, 11, 12, 13, 15, 18, 22, 23, 27, 30, 37, 38, 42, 44, 45, 52, 54, 55, 57, 58, 59, 65, 66, 73, 75, 76, 82, 83, 88, 91, 92, 98, 108, 109, 111, 112, 115, 121, 122, 125, 127, 129, 130, 132, 139, 140, 141, 142, 143, 144, 147, 148, 151, 152, 166, 167, 168, 178, 179, 180, 181, 182, 184, 185, 188, 190, 192, 200, 201, 202, 203, 204, 210, 211, 219, 221, 222, 228, 229, 234, 237, 238, 244, 251, 252, 254, 260, 261, 262, 264, 275, 276, 277, 285, 286, 287, 288, 289, 291, 293, 295, 304, 305, 306, 307, 308, 314, 315, 319, 321, 324, 331, 337, 343, 349, 350, 351, 353, 380, 381, 382, 383, 384, 385, 386, 387, 389, 391, 403, 404, 405], "excluded_lines": []}}}, "src/api/auth.py": {"executed_lines": [1, 2, 3, 4, 5, 6, 7, 9, 10, 12, 13, 15, 16, 17, 18, 20, 21, 22, 24, 25, 26, 27, 29, 30, 32, 33, 86, 87, 126, 127, 154, 155, 170, 171, 195, 196, 239], "summary": {"covered_lines": 37, "num_statements": 124, "percent_covered": 29.838709677419356, "percent_covered_display": "29.84", "missing_lines": 87, "excluded_lines": 0}, "missing_lines": [38, 40, 51, 52, 58, 68, 69, 70, 72, 74, 80, 81, 82, 83, 84, 92, 94, 99, 100, 103, 104, 105, 108, 112, 114, 120, 121, 122, 123, 124, 132, 133, 135, 136, 139, 140, 141, 143, 145, 151, 152, 160, 162, 163, 165, 167, 168, 176, 178, 180, 181, 184, 185, 186, 188, 190, 191, 192, 193, 208, 210, 211, 212, 213, 215, 216, 217, 218, 221, 223, 224, 226, 227, 231, 233, 244, 245, 247, 248, 250, 251, 252, 254, 256, 257, 258, 259], "excluded_lines": [], "functions": {"sign_up": {"executed_lines": [], "summary": {"covered_lines": 0, "num_statements": 15, "percent_covered": 0.0, "percent_covered_display": "0.00", "missing_lines": 15, "excluded_lines": 0}, "missing_lines": [38, 40, 51, 52, 58, 68, 69, 70, 72, 74, 80, 81, 82, 83, 84], "excluded_lines": []}, "sign_in": {"executed_lines": [], "summary": {"covered_lines": 0, "num_statements": 15, "percent_covered": 0.0, "percent_covered_display": "0.00", "missing_lines": 15, "excluded_lines": 0}, "missing_lines": [92, 94, 99, 100, 103, 104, 105, 108, 112, 114, 120, 121, 122, 123, 124], "excluded_lines": []}, "refresh_token": {"executed_lines": [], "summary": {"covered_lines": 0, "num_statements": 11, "percent_covered": 0.0, "percent_covered_display": "0.00", "missing_lines": 11, "excluded_lines": 0}, "missing_lines": [132, 133, 135, 136, 139, 140, 141, 143, 145, 151, 152], "excluded_lines": []}, "sign_out": {"executed_lines": [], "summary": {"covered_lines": 0, "num_statements": 6, "percent_covered": 0.0, "percent_covered_display": "0.00", "missing_lines": 6, "excluded_lines": 0}, "missing_lines": [160, 162, 163, 165, 167, 168], "excluded_lines": []}, "get_current_user": {"executed_lines": [], "summary": {"covered_lines": 0, "num_statements": 12, "percent_covered": 0.0, "percent_covered_display": "0.00", "missing_lines": 12, "excluded_lines": 0}, "missing_lines": [176, 178, 180, 181, 184, 185, 186, 188, 190, 191, 192, 193], "excluded_lines": []}, "forgot_password": {"executed_lines": [], "summary": {"covered_lines": 0, "num_statements": 16, "percent_covered": 0.0, "percent_covered_display": "0.00", "missing_lines": 16, "excluded_lines": 0}, "missing_lines": [208, 210, 211, 212, 213, 215, 216, 217, 218, 221, 223, 224, 226, 227, 231, 233], "excluded_lines": []}, "get_current_user_from_token": {"executed_lines": [], "summary": {"covered_lines": 0, "num_statements": 12, "percent_covered": 0.0, "percent_covered_display": "0.00", "missing_lines": 12, "excluded_lines": 0}, "missing_lines": [244, 245, 247, 248, 250, 251, 252, 254, 256, 257, 258, 259], "excluded_lines": []}, "": {"executed_lines": [1, 2, 3, 4, 5, 6, 7, 9, 10, 12, 13, 15, 16, 17, 18, 20, 21, 22, 24, 25, 26, 27, 29, 30, 32, 33, 86, 87, 126, 127, 154, 155, 170, 171, 195, 196, 239], "summary": {"covered_lines": 37, "num_statements": 37, "percent_covered": 100.0, "percent_covered_display": "100.00", "missing_lines": 0, "excluded_lines": 0}, "missing_lines": [], "excluded_lines": []}}, "classes": {"SignUpRequest": {"executed_lines": [], "summary": {"covered_lines": 0, "num_statements": 0, "percent_covered": 100.0, "percent_covered_display": "100.00", "missing_lines": 0, "excluded_lines": 0}, "missing_lines": [], "excluded_lines": []}, "SignInRequest": {"executed_lines": [], "summary": {"covered_lines": 0, "num_statements": 0, "percent_covered": 100.0, "percent_covered_display": "100.00", "missing_lines": 0, "excluded_lines": 0}, "missing_lines": [], "excluded_lines": []}, "AuthResponse": {"executed_lines": [], "summary": {"covered_lines": 0, "num_statements": 0, "percent_covered": 100.0, "percent_covered_display": "100.00", "missing_lines": 0, "excluded_lines": 0}, "missing_lines": [], "excluded_lines": []}, "TokenRefreshRequest": {"executed_lines": [], "summary": {"covered_lines": 0, "num_statements": 0, "percent_covered": 100.0, "percent_covered_display": "100.00", "missing_lines": 0, "excluded_lines": 0}, "missing_lines": [], "excluded_lines": []}, "": {"executed_lines": [1, 2, 3, 4, 5, 6, 7, 9, 10, 12, 13, 15, 16, 17, 18, 20, 21, 22, 24, 25, 26, 27, 29, 30, 32, 33, 86, 87, 126, 127, 154, 155, 170, 171, 195, 196, 239], "summary": {"covered_lines": 37, "num_statements": 124, "percent_covered": 29.838709677419356, "percent_covered_display": "29.84", "missing_lines": 87, "excluded_lines": 0}, "missing_lines": [38, 40, 51, 52, 58, 68, 69, 70, 72, 74, 80, 81, 82, 83, 84, 92, 94, 99, 100, 103, 104, 105, 108, 112, 114, 120, 121, 122, 123, 124, 132, 133, 135, 136, 139, 140, 141, 143, 145, 151, 152, 160, 162, 163, 165, 167, 168, 176, 178, 180, 181, 184, 185, 186, 188, 190, 191, 192, 193, 208, 210, 211, 212, 213, 215, 216, 217, 218, 221, 223, 224, 226, 227, 231, 233, 244, 245, 247, 248, 250, 251, 252, 254, 256, 257, 258, 259], "excluded_lines": []}}}, "src/api/chat.py": {"executed_lines": [1, 2, 3, 4, 6, 7, 8, 9, 11, 13, 14], "summary": {"covered_lines": 11, "num_statements": 53, "percent_covered": 20.754716981132077, "percent_covered_display": "20.75", "missing_lines": 42, "excluded_lines": 0}, "missing_lines": [21, 24, 25, 28, 30, 37, 38, 39, 40, 41, 42, 46, 47, 48, 49, 50, 51, 52, 53, 56, 57, 65, 66, 67, 68, 69, 70, 73, 75, 76, 77, 80, 81, 82, 91, 92, 93, 94, 95, 96, 99, 101], "excluded_lines": [], "functions": {"send_message": {"executed_lines": [], "summary": {"covered_lines": 0, "num_statements": 42, "percent_covered": 0.0, "percent_covered_display": "0.00", "missing_lines": 42, "excluded_lines": 0}, "missing_lines": [21, 24, 25, 28, 30, 37, 38, 39, 40, 41, 42, 46, 47, 48, 49, 50, 51, 52, 53, 56, 57, 65, 66, 67, 68, 69, 70, 73, 75, 76, 77, 80, 81, 82, 91, 92, 93, 94, 95, 96, 99, 101], "excluded_lines": []}, "": {"executed_lines": [1, 2, 3, 4, 6, 7, 8, 9, 11, 13, 14], "summary": {"covered_lines": 11, "num_statements": 11, "percent_covered": 100.0, "percent_covered_display": "100.00", "missing_lines": 0, "excluded_lines": 0}, "missing_lines": [], "excluded_lines": []}}, "classes": {"": {"executed_lines": [1, 2, 3, 4, 6, 7, 8, 9, 11, 13, 14], "summary": {"covered_lines": 11, "num_statements": 53, "percent_covered": 20.754716981132077, "percent_covered_display": "20.75", "missing_lines": 42, "excluded_lines": 0}, "missing_lines": [21, 24, 25, 28, 30, 37, 38, 39, 40, 41, 42, 46, 47, 48, 49, 50, 51, 52, 53, 56, 57, 65, 66, 67, 68, 69, 70, 73, 75, 76, 77, 80, 81, 82, 91, 92, 93, 94, 95, 96, 99, 101], "excluded_lines": []}}}, "src/api/conversations.py": {"executed_lines": [1, 2, 3, 4, 5, 7, 8, 9, 11, 13, 14, 38, 39, 50, 51, 66, 67, 94, 95], "summary": {"covered_lines": 19, "num_statements": 73, "percent_covered": 26.027397260273972, "percent_covered_display": "26.03", "missing_lines": 54, "excluded_lines": 0}, "missing_lines": [19, 20, 26, 27, 28, 29, 31, 32, 33, 34, 35, 36, 44, 45, 46, 47, 48, 56, 57, 58, 59, 60, 61, 62, 63, 64, 72, 74, 75, 76, 79, 80, 81, 83, 84, 85, 86, 87, 88, 89, 90, 91, 92, 100, 102, 103, 104, 107, 110, 112, 113, 114, 115, 116], "excluded_lines": [], "functions": {"create_conversation": {"executed_lines": [], "summary": {"covered_lines": 0, "num_statements": 12, "percent_covered": 0.0, "percent_covered_display": "0.00", "missing_lines": 12, "excluded_lines": 0}, "missing_lines": [19, 20, 26, 27, 28, 29, 31, 32, 33, 34, 35, 36], "excluded_lines": []}, "list_conversations": {"executed_lines": [], "summary": {"covered_lines": 0, "num_statements": 5, "percent_covered": 0.0, "percent_covered_display": "0.00", "missing_lines": 5, "excluded_lines": 0}, "missing_lines": [44, 45, 46, 47, 48], "excluded_lines": []}, "get_conversation": {"executed_lines": [], "summary": {"covered_lines": 0, "num_statements": 9, "percent_covered": 0.0, "percent_covered_display": "0.00", "missing_lines": 9, "excluded_lines": 0}, "missing_lines": [56, 57, 58, 59, 60, 61, 62, 63, 64], "excluded_lines": []}, "get_conversation_messages": {"executed_lines": [], "summary": {"covered_lines": 0, "num_statements": 17, "percent_covered": 0.0, "percent_covered_display": "0.00", "missing_lines": 17, "excluded_lines": 0}, "missing_lines": [72, 74, 75, 76, 79, 80, 81, 83, 84, 85, 86, 87, 88, 89, 90, 91, 92], "excluded_lines": []}, "delete_conversation": {"executed_lines": [], "summary": {"covered_lines": 0, "num_statements": 11, "percent_covered": 0.0, "percent_covered_display": "0.00", "missing_lines": 11, "excluded_lines": 0}, "missing_lines": [100, 102, 103, 104, 107, 110, 112, 113, 114, 115, 116], "excluded_lines": []}, "": {"executed_lines": [1, 2, 3, 4, 5, 7, 8, 9, 11, 13, 14, 38, 39, 50, 51, 66, 67, 94, 95], "summary": {"covered_lines": 19, "num_statements": 19, "percent_covered": 100.0, "percent_covered_display": "100.00", "missing_lines": 0, "excluded_lines": 0}, "missing_lines": [], "excluded_lines": []}}, "classes": {"": {"executed_lines": [1, 2, 3, 4, 5, 7, 8, 9, 11, 13, 14, 38, 39, 50, 51, 66, 67, 94, 95], "summary": {"covered_lines": 19, "num_statements": 73, "percent_covered": 26.027397260273972, "percent_covered_display": "26.03", "missing_lines": 54, "excluded_lines": 0}, "missing_lines": [19, 20, 26, 27, 28, 29, 31, 32, 33, 34, 35, 36, 44, 45, 46, 47, 48, 56, 57, 58, 59, 60, 61, 62, 63, 64, 72, 74, 75, 76, 79, 80, 81, 83, 84, 85, 86, 87, 88, 89, 90, 91, 92, 100, 102, 103, 104, 107, 110, 112, 113, 114, 115, 116], "excluded_lines": []}}}, "src/api/documents.py": {"executed_lines": [1, 2, 3, 4, 5, 6, 7, 8, 9, 10, 12, 14, 15, 16, 17, 19, 21, 23, 24, 32, 33, 36, 37, 38, 41, 42, 43, 44, 45, 48, 51, 52, 53, 56, 57, 58, 59, 60, 63, 64, 65, 67, 68, 69, 72, 73, 74, 75, 78, 92, 93, 94, 96, 98, 99, 100, 101, 105, 107, 108, 110, 111, 113, 114, 116, 117, 277, 278, 290, 291, 315, 316, 322, 324, 341, 342, 344, 346, 347, 392, 393, 419, 420, 445, 446, 551, 552, 581, 582, 688, 689, 751, 752, 805, 806, 859, 860, 899, 900], "summary": {"covered_lines": 99, "num_statements": 447, "percent_covered": 22.14765100671141, "percent_covered_display": "22.15", "missing_lines": 348, "excluded_lines": 0}, "missing_lines": [95, 112, 122, 124, 125, 128, 129, 132, 134, 137, 138, 139, 140, 143, 145, 146, 148, 149, 150, 152, 154, 157, 159, 160, 161, 171, 181, 182, 183, 184, 185, 186, 187, 189, 191, 192, 193, 195, 197, 198, 200, 201, 203, 214, 225, 226, 228, 229, 230, 231, 232, 234, 236, 237, 239, 240, 249, 250, 251, 252, 254, 256, 274, 275, 280, 281, 282, 283, 284, 285, 286, 287, 288, 297, 298, 299, 301, 303, 304, 305, 308, 309, 310, 311, 312, 313, 325, 326, 328, 331, 334, 335, 338, 340, 343, 353, 355, 356, 357, 358, 360, 363, 364, 367, 369, 374, 376, 377, 378, 379, 385, 387, 388, 389, 390, 400, 401, 402, 403, 405, 407, 408, 409, 412, 413, 414, 415, 416, 417, 422, 423, 424, 426, 427, 428, 429, 431, 432, 433, 434, 435, 436, 437, 439, 440, 441, 442, 450, 451, 453, 455, 457, 458, 464, 467, 473, 475, 480, 481, 483, 486, 487, 488, 491, 492, 494, 495, 498, 499, 500, 503, 504, 506, 507, 508, 511, 512, 514, 515, 517, 518, 522, 523, 526, 529, 530, 532, 539, 541, 542, 546, 547, 549, 556, 558, 564, 568, 569, 571, 578, 579, 588, 589, 591, 593, 596, 597, 599, 600, 601, 604, 606, 608, 609, 612, 614, 615, 617, 618, 620, 622, 624, 627, 630, 631, 634, 635, 636, 638, 641, 655, 656, 657, 658, 659, 661, 664, 665, 666, 667, 668, 669, 670, 672, 685, 686, 693, 695, 698, 699, 700, 701, 702, 704, 711, 718, 719, 720, 721, 723, 724, 725, 726, 728, 729, 730, 731, 733, 739, 748, 749, 757, 759, 760, 763, 764, 766, 768, 770, 771, 774, 775, 776, 777, 778, 780, 782, 784, 787, 788, 792, 794, 802, 803, 808, 810, 812, 815, 816, 819, 820, 829, 830, 831, 840, 841, 848, 856, 857, 862, 863, 864, 865, 867, 870, 871, 872, 873, 874, 875, 876, 878, 880, 893, 894, 895, 896, 897, 902, 904, 907, 908, 911, 912, 913, 914, 921, 923, 924, 925, 927, 928, 930, 931, 934, 936, 942, 943], "excluded_lines": [], "functions": {"upload_document": {"executed_lines": [32, 33, 36, 37, 38, 41, 42, 43, 44, 45, 48, 51, 52, 53, 56, 57, 58, 59, 60, 63, 64, 65, 67, 68, 69, 72, 73, 74, 75, 78, 92, 93, 94, 96, 98, 99, 100, 101, 105], "summary": {"covered_lines": 39, "num_statements": 40, "percent_covered": 97.5, "percent_covered_display": "97.50", "missing_lines": 1, "excluded_lines": 0}, "missing_lines": [95], "excluded_lines": []}, "list_documents": {"executed_lines": [110, 111, 113, 114], "summary": {"covered_lines": 4, "num_statements": 5, "percent_covered": 80.0, "percent_covered_display": "80.00", "missing_lines": 1, "excluded_lines": 0}, "missing_lines": [112], "excluded_lines": []}, "verify_document_indexing": {"executed_lines": [], "summary": {"covered_lines": 0, "num_statements": 62, "percent_covered": 0.0, "percent_covered_display": "0.00", "missing_lines": 62, "excluded_lines": 0}, "missing_lines": [122, 124, 125, 128, 129, 132, 134, 137, 138, 139, 140, 143, 145, 146, 148, 149, 150, 152, 154, 157, 159, 160, 161, 171, 181, 182, 183, 184, 185, 186, 187, 189, 191, 192, 193, 195, 197, 198, 200, 201, 203, 214, 225, 226, 228, 229, 230, 231, 232, 234, 236, 237, 239, 240, 249, 250, 251, 252, 254, 256, 274, 275], "excluded_lines": []}, "get_document": {"executed_lines": [], "summary": {"covered_lines": 0, "num_statements": 9, "percent_covered": 0.0, "percent_covered_display": "0.00", "missing_lines": 9, "excluded_lines": 0}, "missing_lines": [280, 281, 282, 283, 284, 285, 286, 287, 288], "excluded_lines": []}, "update_indexing_status": {"executed_lines": [], "summary": {"covered_lines": 0, "num_statements": 13, "percent_covered": 0.0, "percent_covered_display": "0.00", "missing_lines": 13, "excluded_lines": 0}, "missing_lines": [297, 298, 299, 301, 303, 304, 305, 308, 309, 310, 311, 312, 313], "excluded_lines": []}, "delete_document": {"executed_lines": [322, 324, 341, 342, 344], "summary": {"covered_lines": 5, "num_statements": 14, "percent_covered": 35.714285714285715, "percent_covered_display": "35.71", "missing_lines": 9, "excluded_lines": 0}, "missing_lines": [325, 326, 328, 331, 334, 335, 338, 340, 343], "excluded_lines": []}, "download_document": {"executed_lines": [], "summary": {"covered_lines": 0, "num_statements": 20, "percent_covered": 0.0, "percent_covered_display": "0.00", "missing_lines": 20, "excluded_lines": 0}, "missing_lines": [353, 355, 356, 357, 358, 360, 363, 364, 367, 369, 374, 376, 377, 378, 379, 385, 387, 388, 389, 390], "excluded_lines": []}, "move_document_to_folder": {"executed_lines": [], "summary": {"covered_lines": 0, "num_statements": 14, "percent_covered": 0.0, "percent_covered_display": "0.00", "missing_lines": 14, "excluded_lines": 0}, "missing_lines": [400, 401, 402, 403, 405, 407, 408, 409, 412, 413, 414, 415, 416, 417], "excluded_lines": []}, "list_folders": {"executed_lines": [], "summary": {"covered_lines": 0, "num_statements": 18, "percent_covered": 0.0, "percent_covered_display": "0.00", "missing_lines": 18, "excluded_lines": 0}, "missing_lines": [422, 423, 424, 426, 427, 428, 429, 431, 432, 433, 434, 435, 436, 437, 439, 440, 441, 442], "excluded_lines": []}, "start_ingestion_process": {"executed_lines": [], "summary": {"covered_lines": 0, "num_statements": 34, "percent_covered": 0.0, "percent_covered_display": "0.00", "missing_lines": 34, "excluded_lines": 0}, "missing_lines": [450, 451, 453, 455, 457, 458, 464, 467, 473, 475, 480, 481, 483, 486, 487, 488, 491, 492, 494, 495, 498, 499, 500, 503, 526, 529, 530, 532, 539, 541, 542, 546, 547, 549], "excluded_lines": []}, "start_ingestion_process.run_ingestion": {"executed_lines": [], "summary": {"covered_lines": 0, "num_statements": 12, "percent_covered": 0.0, "percent_covered_display": "0.00", "missing_lines": 12, "excluded_lines": 0}, "missing_lines": [504, 506, 507, 508, 511, 512, 514, 515, 517, 518, 522, 523], "excluded_lines": []}, "reset_stuck_documents": {"executed_lines": [], "summary": {"covered_lines": 0, "num_statements": 8, "percent_covered": 0.0, "percent_covered_display": "0.00", "missing_lines": 8, "excluded_lines": 0}, "missing_lines": [556, 558, 564, 568, 569, 571, 578, 579], "excluded_lines": []}, "sync_documents_from_minio": {"executed_lines": [], "summary": {"covered_lines": 0, "num_statements": 45, "percent_covered": 0.0, "percent_covered_display": "0.00", "missing_lines": 45, "excluded_lines": 0}, "missing_lines": [588, 589, 591, 593, 596, 597, 599, 600, 601, 604, 606, 608, 609, 612, 614, 615, 617, 618, 620, 622, 624, 627, 630, 631, 634, 635, 636, 638, 641, 655, 656, 657, 658, 659, 661, 664, 665, 666, 667, 668, 669, 670, 672, 685, 686], "excluded_lines": []}, "get_ingestion_status": {"executed_lines": [], "summary": {"covered_lines": 0, "num_statements": 25, "percent_covered": 0.0, "percent_covered_display": "0.00", "missing_lines": 25, "excluded_lines": 0}, "missing_lines": [693, 695, 698, 699, 700, 701, 702, 704, 711, 718, 719, 720, 721, 723, 724, 725, 726, 728, 729, 730, 731, 733, 739, 748, 749], "excluded_lines": []}, "sync_indexing_status_with_neo4j": {"executed_lines": [], "summary": {"covered_lines": 0, "num_statements": 23, "percent_covered": 0.0, "percent_covered_display": "0.00", "missing_lines": 23, "excluded_lines": 0}, "missing_lines": [757, 759, 760, 763, 764, 766, 768, 770, 771, 774, 775, 776, 777, 778, 780, 782, 784, 787, 788, 792, 794, 802, 803], "excluded_lines": []}, "get_knowledge_graph_data": {"executed_lines": [], "summary": {"covered_lines": 0, "num_statements": 15, "percent_covered": 0.0, "percent_covered_display": "0.00", "missing_lines": 15, "excluded_lines": 0}, "missing_lines": [808, 810, 812, 815, 816, 819, 820, 829, 830, 831, 840, 841, 848, 856, 857], "excluded_lines": []}, "get_document_metadata": {"executed_lines": [], "summary": {"covered_lines": 0, "num_statements": 12, "percent_covered": 0.0, "percent_covered_display": "0.00", "missing_lines": 12, "excluded_lines": 0}, "missing_lines": [862, 863, 864, 865, 867, 870, 880, 893, 894, 895, 896, 897], "excluded_lines": []}, "get_document_metadata.format_file_size": {"executed_lines": [], "summary": {"covered_lines": 0, "num_statements": 7, "percent_covered": 0.0, "percent_covered_display": "0.00", "missing_lines": 7, "excluded_lines": 0}, "missing_lines": [871, 872, 873, 874, 875, 876, 878], "excluded_lines": []}, "start_enrichment_process": {"executed_lines": [], "summary": {"covered_lines": 0, "num_statements": 9, "percent_covered": 0.0, "percent_covered_display": "0.00", "missing_lines": 9, "excluded_lines": 0}, "missing_lines": [902, 904, 907, 908, 911, 934, 936, 942, 943], "excluded_lines": []}, "start_enrichment_process.run_enrichment": {"executed_lines": [], "summary": {"covered_lines": 0, "num_statements": 11, "percent_covered": 0.0, "percent_covered_display": "0.00", "missing_lines": 11, "excluded_lines": 0}, "missing_lines": [912, 913, 914, 921, 923, 924, 925, 927, 928, 930, 931], "excluded_lines": []}, "": {"executed_lines": [1, 2, 3, 4, 5, 6, 7, 8, 9, 10, 12, 14, 15, 16, 17, 19, 21, 23, 24, 107, 108, 116, 117, 277, 278, 290, 291, 315, 316, 346, 347, 392, 393, 419, 420, 445, 446, 551, 552, 581, 582, 688, 689, 751, 752, 805, 806, 859, 860, 899, 900], "summary": {"covered_lines": 51, "num_statements": 51, "percent_covered": 100.0, "percent_covered_display": "100.00", "missing_lines": 0, "excluded_lines": 0}, "missing_lines": [], "excluded_lines": []}}, "classes": {"": {"executed_lines": [1, 2, 3, 4, 5, 6, 7, 8, 9, 10, 12, 14, 15, 16, 17, 19, 21, 23, 24, 32, 33, 36, 37, 38, 41, 42, 43, 44, 45, 48, 51, 52, 53, 56, 57, 58, 59, 60, 63, 64, 65, 67, 68, 69, 72, 73, 74, 75, 78, 92, 93, 94, 96, 98, 99, 100, 101, 105, 107, 108, 110, 111, 113, 114, 116, 117, 277, 278, 290, 291, 315, 316, 322, 324, 341, 342, 344, 346, 347, 392, 393, 419, 420, 445, 446, 551, 552, 581, 582, 688, 689, 751, 752, 805, 806, 859, 860, 899, 900], "summary": {"covered_lines": 99, "num_statements": 447, "percent_covered": 22.14765100671141, "percent_covered_display": "22.15", "missing_lines": 348, "excluded_lines": 0}, "missing_lines": [95, 112, 122, 124, 125, 128, 129, 132, 134, 137, 138, 139, 140, 143, 145, 146, 148, 149, 150, 152, 154, 157, 159, 160, 161, 171, 181, 182, 183, 184, 185, 186, 187, 189, 191, 192, 193, 195, 197, 198, 200, 201, 203, 214, 225, 226, 228, 229, 230, 231, 232, 234, 236, 237, 239, 240, 249, 250, 251, 252, 254, 256, 274, 275, 280, 281, 282, 283, 284, 285, 286, 287, 288, 297, 298, 299, 301, 303, 304, 305, 308, 309, 310, 311, 312, 313, 325, 326, 328, 331, 334, 335, 338, 340, 343, 353, 355, 356, 357, 358, 360, 363, 364, 367, 369, 374, 376, 377, 378, 379, 385, 387, 388, 389, 390, 400, 401, 402, 403, 405, 407, 408, 409, 412, 413, 414, 415, 416, 417, 422, 423, 424, 426, 427, 428, 429, 431, 432, 433, 434, 435, 436, 437, 439, 440, 441, 442, 450, 451, 453, 455, 457, 458, 464, 467, 473, 475, 480, 481, 483, 486, 487, 488, 491, 492, 494, 495, 498, 499, 500, 503, 504, 506, 507, 508, 511, 512, 514, 515, 517, 518, 522, 523, 526, 529, 530, 532, 539, 541, 542, 546, 547, 549, 556, 558, 564, 568, 569, 571, 578, 579, 588, 589, 591, 593, 596, 597, 599, 600, 601, 604, 606, 608, 609, 612, 614, 615, 617, 618, 620, 622, 624, 627, 630, 631, 634, 635, 636, 638, 641, 655, 656, 657, 658, 659, 661, 664, 665, 666, 667, 668, 669, 670, 672, 685, 686, 693, 695, 698, 699, 700, 701, 702, 704, 711, 718, 719, 720, 721, 723, 724, 725, 726, 728, 729, 730, 731, 733, 739, 748, 749, 757, 759, 760, 763, 764, 766, 768, 770, 771, 774, 775, 776, 777, 778, 780, 782, 784, 787, 788, 792, 794, 802, 803, 808, 810, 812, 815, 816, 819, 820, 829, 830, 831, 840, 841, 848, 856, 857, 862, 863, 864, 865, 867, 870, 871, 872, 873, 874, 875, 876, 878, 880, 893, 894, 895, 896, 897, 902, 904, 907, 908, 911, 912, 913, 914, 921, 923, 924, 925, 927, 928, 930, 931, 934, 936, 942, 943], "excluded_lines": []}}}, "src/api/evaluations.py": {"executed_lines": [], "summary": {"covered_lines": 0, "num_statements": 150, "percent_covered": 0.0, "percent_covered_display": "0.00", "missing_lines": 150, "excluded_lines": 0}, "missing_lines": [1, 2, 3, 4, 5, 6, 8, 10, 11, 12, 14, 16, 17, 18, 19, 20, 22, 23, 24, 25, 26, 28, 29, 30, 31, 32, 33, 35, 36, 37, 39, 40, 41, 42, 43, 45, 46, 47, 48, 49, 50, 52, 53, 54, 55, 56, 58, 59, 60, 61, 63, 65, 66, 67, 68, 70, 71, 77, 79, 83, 84, 90, 94, 95, 97, 98, 102, 107, 111, 112, 113, 116, 128, 130, 131, 133, 135, 136, 137, 138, 139, 141, 142, 149, 151, 155, 156, 159, 166, 170, 171, 173, 175, 176, 177, 178, 179, 181, 182, 188, 189, 193, 194, 196, 198, 199, 200, 202, 203, 209, 211, 215, 216, 218, 219, 222, 226, 228, 229, 230, 231, 232, 234, 235, 240, 243, 247, 254, 255, 256, 257, 259, 260, 264, 266, 267, 268, 270, 271, 277, 279, 283, 284, 287, 291, 293, 294, 295, 296, 297], "excluded_lines": [], "functions": {"EvaluationCreate.validate_evaluation_type": {"executed_lines": [], "summary": {"covered_lines": 0, "num_statements": 3, "percent_covered": 0.0, "percent_covered_display": "0.00", "missing_lines": 3, "excluded_lines": 0}, "missing_lines": [24, 25, 26], "excluded_lines": []}, "EvaluationCreate.validate_comment_for_negative": {"executed_lines": [], "summary": {"covered_lines": 0, "num_statements": 4, "percent_covered": 0.0, "percent_covered_display": "0.00", "missing_lines": 4, "excluded_lines": 0}, "missing_lines": [30, 31, 32, 33], "excluded_lines": []}, "EvaluationUpdate.validate_evaluation_type": {"executed_lines": [], "summary": {"covered_lines": 0, "num_statements": 3, "percent_covered": 0.0, "percent_covered_display": "0.00", "missing_lines": 3, "excluded_lines": 0}, "missing_lines": [41, 42, 43], "excluded_lines": []}, "EvaluationUpdate.validate_comment_for_negative": {"executed_lines": [], "summary": {"covered_lines": 0, "num_statements": 4, "percent_covered": 0.0, "percent_covered_display": "0.00", "missing_lines": 4, "excluded_lines": 0}, "missing_lines": [47, 48, 49, 50], "excluded_lines": []}, "_row_to_response": {"executed_lines": [], "summary": {"covered_lines": 0, "num_statements": 4, "percent_covered": 0.0, "percent_covered_display": "0.00", "missing_lines": 4, "excluded_lines": 0}, "missing_lines": [65, 66, 67, 68], "excluded_lines": []}, "create_evaluation": {"executed_lines": [], "summary": {"covered_lines": 0, "num_statements": 24, "percent_covered": 0.0, "percent_covered_display": "0.00", "missing_lines": 24, "excluded_lines": 0}, "missing_lines": [77, 79, 83, 84, 90, 94, 95, 97, 98, 102, 107, 111, 112, 113, 116, 128, 130, 131, 133, 135, 136, 137, 138, 139], "excluded_lines": []}, "update_evaluation": {"executed_lines": [], "summary": {"covered_lines": 0, "num_statements": 14, "percent_covered": 0.0, "percent_covered_display": "0.00", "missing_lines": 14, "excluded_lines": 0}, "missing_lines": [149, 151, 155, 156, 159, 166, 170, 171, 173, 175, 176, 177, 178, 179], "excluded_lines": []}, "get_message_evaluation": {"executed_lines": [], "summary": {"covered_lines": 0, "num_statements": 8, "percent_covered": 0.0, "percent_covered_display": "0.00", "missing_lines": 8, "excluded_lines": 0}, "missing_lines": [188, 189, 193, 194, 196, 198, 199, 200], "excluded_lines": []}, "get_conversation_evaluations": {"executed_lines": [], "summary": {"covered_lines": 0, "num_statements": 13, "percent_covered": 0.0, "percent_covered_display": "0.00", "missing_lines": 13, "excluded_lines": 0}, "missing_lines": [209, 211, 215, 216, 218, 219, 222, 226, 228, 229, 230, 231, 232], "excluded_lines": []}, "get_evaluation_stats": {"executed_lines": [], "summary": {"covered_lines": 0, "num_statements": 13, "percent_covered": 0.0, "percent_covered_display": "0.00", "missing_lines": 13, "excluded_lines": 0}, "missing_lines": [240, 243, 247, 254, 255, 256, 257, 259, 260, 264, 266, 267, 268], "excluded_lines": []}, "delete_evaluation": {"executed_lines": [], "summary": {"covered_lines": 0, "num_statements": 11, "percent_covered": 0.0, "percent_covered_display": "0.00", "missing_lines": 11, "excluded_lines": 0}, "missing_lines": [277, 279, 283, 284, 287, 291, 293, 294, 295, 296, 297], "excluded_lines": []}, "": {"executed_lines": [], "summary": {"covered_lines": 0, "num_statements": 49, "percent_covered": 0.0, "percent_covered_display": "0.00", "missing_lines": 49, "excluded_lines": 0}, "missing_lines": [1, 2, 3, 4, 5, 6, 8, 10, 11, 12, 14, 16, 17, 18, 19, 20, 22, 23, 28, 29, 35, 36, 37, 39, 40, 45, 46, 52, 53, 54, 55, 56, 58, 59, 60, 61, 63, 70, 71, 141, 142, 181, 182, 202, 203, 234, 235, 270, 271], "excluded_lines": []}}, "classes": {"EvaluationCreate": {"executed_lines": [], "summary": {"covered_lines": 0, "num_statements": 7, "percent_covered": 0.0, "percent_covered_display": "0.00", "missing_lines": 7, "excluded_lines": 0}, "missing_lines": [24, 25, 26, 30, 31, 32, 33], "excluded_lines": []}, "EvaluationUpdate": {"executed_lines": [], "summary": {"covered_lines": 0, "num_statements": 7, "percent_covered": 0.0, "percent_covered_display": "0.00", "missing_lines": 7, "excluded_lines": 0}, "missing_lines": [41, 42, 43, 47, 48, 49, 50], "excluded_lines": []}, "EvaluationResponse": {"executed_lines": [], "summary": {"covered_lines": 0, "num_statements": 0, "percent_covered": 100.0, "percent_covered_display": "100.00", "missing_lines": 0, "excluded_lines": 0}, "missing_lines": [], "excluded_lines": []}, "": {"executed_lines": [], "summary": {"covered_lines": 0, "num_statements": 136, "percent_covered": 0.0, "percent_covered_display": "0.00", "missing_lines": 136, "excluded_lines": 0}, "missing_lines": [1, 2, 3, 4, 5, 6, 8, 10, 11, 12, 14, 16, 17, 18, 19, 20, 22, 23, 28, 29, 35, 36, 37, 39, 40, 45, 46, 52, 53, 54, 55, 56, 58, 59, 60, 61, 63, 65, 66, 67, 68, 70, 71, 77, 79, 83, 84, 90, 94, 95, 97, 98, 102, 107, 111, 112, 113, 116, 128, 130, 131, 133, 135, 136, 137, 138, 139, 141, 142, 149, 151, 155, 156, 159, 166, 170, 171, 173, 175, 176, 177, 178, 179, 181, 182, 188, 189, 193, 194, 196, 198, 199, 200, 202, 203, 209, 211, 215, 216, 218, 219, 222, 226, 228, 229, 230, 231, 232, 234, 235, 240, 243, 247, 254, 255, 256, 257, 259, 260, 264, 266, 267, 268, 270, 271, 277, 279, 283, 284, 287, 291, 293, 294, 295, 296, 297], "excluded_lines": []}}}, "src/core/config.py": {"executed_lines": [1, 2, 3, 4, 5, 7, 9, 10, 12, 13, 14, 15, 17, 18, 20, 21, 23, 25, 26, 28, 29, 30, 31, 32, 33, 36, 37, 38, 40, 41, 42, 44, 45, 46, 49, 50, 53, 54, 55, 56, 57, 60, 61, 62, 64, 65, 66, 68], "summary": {"covered_lines": 48, "num_statements": 48, "percent_covered": 100.0, "percent_covered_display": "100.00", "missing_lines": 0, "excluded_lines": 0}, "missing_lines": [], "excluded_lines": [], "functions": {"parse_file_size": {"executed_lines": [9, 10, 12, 13, 14, 15, 17, 18, 20, 21], "summary": {"covered_lines": 10, "num_statements": 10, "percent_covered": 100.0, "percent_covered_display": "100.00", "missing_lines": 0, "excluded_lines": 0}, "missing_lines": [], "excluded_lines": []}, "Settings.validate_supabase_url": {"executed_lines": [31, 32, 33], "summary": {"covered_lines": 3, "num_statements": 3, "percent_covered": 100.0, "percent_covered_display": "100.00", "missing_lines": 0, "excluded_lines": 0}, "missing_lines": [], "excluded_lines": []}, "Settings.max_file_size": {"executed_lines": [42], "summary": {"covered_lines": 1, "num_statements": 1, "percent_covered": 100.0, "percent_covered_display": "100.00", "missing_lines": 0, "excluded_lines": 0}, "missing_lines": [], "excluded_lines": []}, "Settings.allowed_extensions_list": {"executed_lines": [46], "summary": {"covered_lines": 1, "num_statements": 1, "percent_covered": 100.0, "percent_covered_display": "100.00", "missing_lines": 0, "excluded_lines": 0}, "missing_lines": [], "excluded_lines": []}, "": {"executed_lines": [1, 2, 3, 4, 5, 7, 23, 25, 26, 28, 29, 30, 36, 37, 38, 40, 41, 44, 45, 49, 50, 53, 54, 55, 56, 57, 60, 61, 62, 64, 65, 66, 68], "summary": {"covered_lines": 33, "num_statements": 33, "percent_covered": 100.0, "percent_covered_display": "100.00", "missing_lines": 0, "excluded_lines": 0}, "missing_lines": [], "excluded_lines": []}}, "classes": {"Settings": {"executed_lines": [31, 32, 33, 42, 46], "summary": {"covered_lines": 5, "num_statements": 5, "percent_covered": 100.0, "percent_covered_display": "100.00", "missing_lines": 0, "excluded_lines": 0}, "missing_lines": [], "excluded_lines": []}, "Settings.Config": {"executed_lines": [], "summary": {"covered_lines": 0, "num_statements": 0, "percent_covered": 100.0, "percent_covered_display": "100.00", "missing_lines": 0, "excluded_lines": 0}, "missing_lines": [], "excluded_lines": []}, "": {"executed_lines": [1, 2, 3, 4, 5, 7, 9, 10, 12, 13, 14, 15, 17, 18, 20, 21, 23, 25, 26, 28, 29, 30, 36, 37, 38, 40, 41, 44, 45, 49, 50, 53, 54, 55, 56, 57, 60, 61, 62, 64, 65, 66, 68], "summary": {"covered_lines": 43, "num_statements": 43, "percent_covered": 100.0, "percent_covered_display": "100.00", "missing_lines": 0, "excluded_lines": 0}, "missing_lines": [], "excluded_lines": []}}}, "src/core/database.py": {"executed_lines": [2, 3, 4, 5, 7, 10, 11, 12, 15, 16, 19, 21, 28, 29, 32, 33, 34, 37, 38, 39, 41, 42, 43, 44, 45, 46, 47, 48, 49, 50, 51, 52, 53, 55, 56, 58, 60, 62, 64, 66, 67, 68, 69, 70, 71, 72], "summary": {"covered_lines": 46, "num_statements": 47, "percent_covered": 97.87234042553192, "percent_covered_display": "97.87", "missing_lines": 1, "excluded_lines": 0}, "missing_lines": [30], "excluded_lines": [], "functions": {"get_supabase": {"executed_lines": [28, 29, 32, 33, 34, 37, 38, 39, 41, 42, 43, 44, 45, 46, 47, 48, 49, 50, 51, 52, 53, 55, 56, 58], "summary": {"covered_lines": 24, "num_statements": 25, "percent_covered": 96.0, "percent_covered_display": "96.00", "missing_lines": 1, "excluded_lines": 0}, "missing_lines": [30], "excluded_lines": []}, "get_supabase_client": {"executed_lines": [62], "summary": {"covered_lines": 1, "num_statements": 1, "percent_covered": 100.0, "percent_covered_display": "100.00", "missing_lines": 0, "excluded_lines": 0}, "missing_lines": [], "excluded_lines": []}, "init_db": {"executed_lines": [66, 67, 68, 69, 70, 71, 72], "summary": {"covered_lines": 7, "num_statements": 7, "percent_covered": 100.0, "percent_covered_display": "100.00", "missing_lines": 0, "excluded_lines": 0}, "missing_lines": [], "excluded_lines": []}, "": {"executed_lines": [2, 3, 4, 5, 7, 10, 11, 12, 15, 16, 19, 21, 60, 64], "summary": {"covered_lines": 14, "num_statements": 14, "percent_covered": 100.0, "percent_covered_display": "100.00", "missing_lines": 0, "excluded_lines": 0}, "missing_lines": [], "excluded_lines": []}}, "classes": {"": {"executed_lines": [2, 3, 4, 5, 7, 10, 11, 12, 15, 16, 19, 21, 28, 29, 32, 33, 34, 37, 38, 39, 41, 42, 43, 44, 45, 46, 47, 48, 49, 50, 51, 52, 53, 55, 56, 58, 60, 62, 64, 66, 67, 68, 69, 70, 71, 72], "summary": {"covered_lines": 46, "num_statements": 47, "percent_covered": 97.87234042553192, "percent_covered_display": "97.87", "missing_lines": 1, "excluded_lines": 0}, "missing_lines": [30], "excluded_lines": []}}}, "src/core/logger.py": {"executed_lines": [], "summary": {"covered_lines": 0, "num_statements": 15, "percent_covered": 0.0, "percent_covered_display": "0.00", "missing_lines": 15, "excluded_lines": 0}, "missing_lines": [1, 2, 3, 4, 7, 10, 20, 21, 23, 34, 44, 46, 47, 48, 51], "excluded_lines": [], "functions": {"get_logger": {"executed_lines": [], "summary": {"covered_lines": 0, "num_statements": 3, "percent_covered": 0.0, "percent_covered_display": "0.00", "missing_lines": 3, "excluded_lines": 0}, "missing_lines": [46, 47, 48], "excluded_lines": []}, "": {"executed_lines": [], "summary": {"covered_lines": 0, "num_statements": 12, "percent_covered": 0.0, "percent_covered_display": "0.00", "missing_lines": 12, "excluded_lines": 0}, "missing_lines": [1, 2, 3, 4, 7, 10, 20, 21, 23, 34, 44, 51], "excluded_lines": []}}, "classes": {"": {"executed_lines": [], "summary": {"covered_lines": 0, "num_statements": 15, "percent_covered": 0.0, "percent_covered_display": "0.00", "missing_lines": 15, "excluded_lines": 0}, "missing_lines": [1, 2, 3, 4, 7, 10, 20, 21, 23, 34, 44, 46, 47, 48, 51], "excluded_lines": []}}}, "src/core/service_manager.py": {"executed_lines": [], "summary": {"covered_lines": 0, "num_statements": 33, "percent_covered": 0.0, "percent_covered_display": "0.00", "missing_lines": 33, "excluded_lines": 0}, "missing_lines": [1, 2, 3, 4, 6, 8, 13, 14, 17, 18, 19, 20, 21, 22, 23, 25, 26, 27, 28, 29, 30, 33, 34, 35, 36, 37, 39, 40, 41, 43, 44, 45, 46], "excluded_lines": [], "functions": {"initialize_all_services": {"executed_lines": [], "summary": {"covered_lines": 0, "num_statements": 27, "percent_covered": 0.0, "percent_covered_display": "0.00", "missing_lines": 27, "excluded_lines": 0}, "missing_lines": [13, 14, 17, 18, 19, 20, 21, 22, 23, 25, 26, 27, 28, 29, 30, 33, 34, 35, 36, 37, 39, 40, 41, 43, 44, 45, 46], "excluded_lines": []}, "": {"executed_lines": [], "summary": {"covered_lines": 0, "num_statements": 6, "percent_covered": 0.0, "percent_covered_display": "0.00", "missing_lines": 6, "excluded_lines": 0}, "missing_lines": [1, 2, 3, 4, 6, 8], "excluded_lines": []}}, "classes": {"": {"executed_lines": [], "summary": {"covered_lines": 0, "num_statements": 33, "percent_covered": 0.0, "percent_covered_display": "0.00", "missing_lines": 33, "excluded_lines": 0}, "missing_lines": [1, 2, 3, 4, 6, 8, 13, 14, 17, 18, 19, 20, 21, 22, 23, 25, 26, 27, 28, 29, 30, 33, 34, 35, 36, 37, 39, 40, 41, 43, 44, 45, 46], "excluded_lines": []}}}, "src/main.py": {"executed_lines": [], "summary": {"covered_lines": 0, "num_statements": 132, "percent_covered": 0.0, "percent_covered_display": "0.00", "missing_lines": 132, "excluded_lines": 3}, "missing_lines": [1, 2, 3, 4, 5, 6, 8, 9, 10, 11, 12, 13, 14, 15, 16, 17, 18, 21, 23, 31, 40, 41, 43, 46, 47, 50, 51, 52, 53, 54, 55, 57, 58, 59, 60, 61, 62, 63, 67, 68, 69, 70, 73, 74, 75, 76, 77, 78, 79, 82, 83, 85, 87, 88, 89, 90, 91, 92, 94, 96, 97, 98, 99, 100, 101, 103, 105, 106, 107, 108, 109, 110, 112, 114, 115, 116, 117, 118, 120, 122, 123, 124, 126, 127, 128, 130, 131, 132, 133, 135, 141, 142, 144, 146, 149, 150, 151, 152, 153, 154, 155, 156, 157, 158, 161, 162, 164, 165, 166, 167, 168, 169, 170, 171, 172, 173, 174, 175, 178, 179, 181, 182, 183, 184, 186, 187, 188, 189, 190, 191, 192, 194], "excluded_lines": [196, 197, 198], "functions": {"log_requests": {"executed_lines": [], "summary": {"covered_lines": 0, "num_statements": 16, "percent_covered": 0.0, "percent_covered_display": "0.00", "missing_lines": 16, "excluded_lines": 0}, "missing_lines": [43, 46, 47, 50, 51, 52, 53, 54, 55, 57, 58, 59, 60, 61, 62, 63], "excluded_lines": []}, "startup": {"executed_lines": [], "summary": {"covered_lines": 0, "num_statements": 28, "percent_covered": 0.0, "percent_covered_display": "0.00", "missing_lines": 28, "excluded_lines": 0}, "missing_lines": [85, 87, 88, 89, 90, 91, 92, 94, 96, 97, 98, 99, 100, 101, 103, 105, 106, 107, 108, 109, 110, 112, 114, 115, 116, 117, 118, 120], "excluded_lines": []}, "root": {"executed_lines": [], "summary": {"covered_lines": 0, "num_statements": 1, "percent_covered": 0.0, "percent_covered_display": "0.00", "missing_lines": 1, "excluded_lines": 0}, "missing_lines": [124], "excluded_lines": []}, "test": {"executed_lines": [], "summary": {"covered_lines": 0, "num_statements": 1, "percent_covered": 0.0, "percent_covered_display": "0.00", "missing_lines": 1, "excluded_lines": 0}, "missing_lines": [128], "excluded_lines": []}, "debug_supabase": {"executed_lines": [], "summary": {"covered_lines": 0, "num_statements": 3, "percent_covered": 0.0, "percent_covered_display": "0.00", "missing_lines": 3, "excluded_lines": 0}, "missing_lines": [132, 133, 135], "excluded_lines": []}, "health": {"executed_lines": [], "summary": {"covered_lines": 0, "num_statements": 40, "percent_covered": 0.0, "percent_covered_display": "0.00", "missing_lines": 40, "excluded_lines": 0}, "missing_lines": [144, 146, 149, 150, 151, 152, 153, 154, 155, 156, 157, 158, 161, 162, 164, 165, 166, 167, 168, 169, 170, 171, 172, 173, 174, 175, 178, 179, 181, 182, 183, 184, 186, 187, 188, 189, 190, 191, 192, 194], "excluded_lines": []}, "": {"executed_lines": [], "summary": {"covered_lines": 0, "num_statements": 43, "percent_covered": 0.0, "percent_covered_display": "0.00", "missing_lines": 43, "excluded_lines": 3}, "missing_lines": [1, 2, 3, 4, 5, 6, 8, 9, 10, 11, 12, 13, 14, 15, 16, 17, 18, 21, 23, 31, 40, 41, 67, 68, 69, 70, 73, 74, 75, 76, 77, 78, 79, 82, 83, 122, 123, 126, 127, 130, 131, 141, 142], "excluded_lines": [196, 197, 198]}}, "classes": {"": {"executed_lines": [], "summary": {"covered_lines": 0, "num_statements": 132, "percent_covered": 0.0, "percent_covered_display": "0.00", "missing_lines": 132, "excluded_lines": 3}, "missing_lines": [1, 2, 3, 4, 5, 6, 8, 9, 10, 11, 12, 13, 14, 15, 16, 17, 18, 21, 23, 31, 40, 41, 43, 46, 47, 50, 51, 52, 53, 54, 55, 57, 58, 59, 60, 61, 62, 63, 67, 68, 69, 70, 73, 74, 75, 76, 77, 78, 79, 82, 83, 85, 87, 88, 89, 90, 91, 92, 94, 96, 97, 98, 99, 100, 101, 103, 105, 106, 107, 108, 109, 110, 112, 114, 115, 116, 117, 118, 120, 122, 123, 124, 126, 127, 128, 130, 131, 132, 133, 135, 141, 142, 144, 146, 149, 150, 151, 152, 153, 154, 155, 156, 157, 158, 161, 162, 164, 165, 166, 167, 168, 169, 170, 171, 172, 173, 174, 175, 178, 179, 181, 182, 183, 184, 186, 187, 188, 189, 190, 191, 192, 194], "excluded_lines": [196, 197, 198]}}}, "src/models/schemas.py": {"executed_lines": [1, 2, 3, 4, 6, 7, 8, 9, 10, 12, 13, 14, 15, 16, 18, 19, 20, 21, 24, 25, 26, 28, 29, 31, 32, 33, 34, 35, 36, 39, 40, 41, 43, 44, 45, 46, 47, 48, 50, 51, 52, 53, 54, 55, 56, 57, 58, 59, 62, 63, 65, 66, 68, 69, 70, 71, 74, 75, 76, 77, 80, 81, 82, 84, 85, 87, 88, 89, 90, 93, 94, 95, 98, 99, 100, 101, 102, 105, 106, 107, 108, 109, 112, 113, 114, 115, 116], "summary": {"covered_lines": 87, "num_statements": 87, "percent_covered": 100.0, "percent_covered_display": "100.00", "missing_lines": 0, "excluded_lines": 0}, "missing_lines": [], "excluded_lines": [], "functions": {"": {"executed_lines": [1, 2, 3, 4, 6, 7, 8, 9, 10, 12, 13, 14, 15, 16, 18, 19, 20, 21, 24, 25, 26, 28, 29, 31, 32, 33, 34, 35, 36, 39, 40, 41, 43, 44, 45, 46, 47, 48, 50, 51, 52, 53, 54, 55, 56, 57, 58, 59, 62, 63, 65, 66, 68, 69, 70, 71, 74, 75, 76, 77, 80, 81, 82, 84, 85, 87, 88, 89, 90, 93, 94, 95, 98, 99, 100, 101, 102, 105, 106, 107, 108, 109, 112, 113, 114, 115, 116], "summary": {"covered_lines": 87, "num_statements": 87, "percent_covered": 100.0, "percent_covered_display": "100.00", "missing_lines": 0, "excluded_lines": 0}, "missing_lines": [], "excluded_lines": []}}, "classes": {"DocumentStatus": {"executed_lines": [], "summary": {"covered_lines": 0, "num_statements": 0, "percent_covered": 100.0, "percent_covered_display": "100.00", "missing_lines": 0, "excluded_lines": 0}, "missing_lines": [], "excluded_lines": []}, "IndexingStatus": {"executed_lines": [], "summary": {"covered_lines": 0, "num_statements": 0, "percent_covered": 100.0, "percent_covered_display": "100.00", "missing_lines": 0, "excluded_lines": 0}, "missing_lines": [], "excluded_lines": []}, "EmbeddingJobStatus": {"executed_lines": [], "summary": {"covered_lines": 0, "num_statements": 0, "percent_covered": 100.0, "percent_covered_display": "100.00", "missing_lines": 0, "excluded_lines": 0}, "missing_lines": [], "excluded_lines": []}, "UserBase": {"executed_lines": [], "summary": {"covered_lines": 0, "num_statements": 0, "percent_covered": 100.0, "percent_covered_display": "100.00", "missing_lines": 0, "excluded_lines": 0}, "missing_lines": [], "excluded_lines": []}, "UserCreate": {"executed_lines": [], "summary": {"covered_lines": 0, "num_statements": 0, "percent_covered": 100.0, "percent_covered_display": "100.00", "missing_lines": 0, "excluded_lines": 0}, "missing_lines": [], "excluded_lines": []}, "UserResponse": {"executed_lines": [], "summary": {"covered_lines": 0, "num_statements": 0, "percent_covered": 100.0, "percent_covered_display": "100.00", "missing_lines": 0, "excluded_lines": 0}, "missing_lines": [], "excluded_lines": []}, "DocumentBase": {"executed_lines": [], "summary": {"covered_lines": 0, "num_statements": 0, "percent_covered": 100.0, "percent_covered_display": "100.00", "missing_lines": 0, "excluded_lines": 0}, "missing_lines": [], "excluded_lines": []}, "DocumentCreate": {"executed_lines": [], "summary": {"covered_lines": 0, "num_statements": 0, "percent_covered": 100.0, "percent_covered_display": "100.00", "missing_lines": 0, "excluded_lines": 0}, "missing_lines": [], "excluded_lines": []}, "DocumentResponse": {"executed_lines": [], "summary": {"covered_lines": 0, "num_statements": 0, "percent_covered": 100.0, "percent_covered_display": "100.00", "missing_lines": 0, "excluded_lines": 0}, "missing_lines": [], "excluded_lines": []}, "ConversationBase": {"executed_lines": [], "summary": {"covered_lines": 0, "num_statements": 0, "percent_covered": 100.0, "percent_covered_display": "100.00", "missing_lines": 0, "excluded_lines": 0}, "missing_lines": [], "excluded_lines": []}, "ConversationCreate": {"executed_lines": [], "summary": {"covered_lines": 0, "num_statements": 0, "percent_covered": 100.0, "percent_covered_display": "100.00", "missing_lines": 0, "excluded_lines": 0}, "missing_lines": [], "excluded_lines": []}, "ConversationResponse": {"executed_lines": [], "summary": {"covered_lines": 0, "num_statements": 0, "percent_covered": 100.0, "percent_covered_display": "100.00", "missing_lines": 0, "excluded_lines": 0}, "missing_lines": [], "excluded_lines": []}, "Citation": {"executed_lines": [], "summary": {"covered_lines": 0, "num_statements": 0, "percent_covered": 100.0, "percent_covered_display": "100.00", "missing_lines": 0, "excluded_lines": 0}, "missing_lines": [], "excluded_lines": []}, "MessageBase": {"executed_lines": [], "summary": {"covered_lines": 0, "num_statements": 0, "percent_covered": 100.0, "percent_covered_display": "100.00", "missing_lines": 0, "excluded_lines": 0}, "missing_lines": [], "excluded_lines": []}, "MessageCreate": {"executed_lines": [], "summary": {"covered_lines": 0, "num_statements": 0, "percent_covered": 100.0, "percent_covered_display": "100.00", "missing_lines": 0, "excluded_lines": 0}, "missing_lines": [], "excluded_lines": []}, "MessageResponse": {"executed_lines": [], "summary": {"covered_lines": 0, "num_statements": 0, "percent_covered": 100.0, "percent_covered_display": "100.00", "missing_lines": 0, "excluded_lines": 0}, "missing_lines": [], "excluded_lines": []}, "ChatRequest": {"executed_lines": [], "summary": {"covered_lines": 0, "num_statements": 0, "percent_covered": 100.0, "percent_covered_display": "100.00", "missing_lines": 0, "excluded_lines": 0}, "missing_lines": [], "excluded_lines": []}, "ChatResponse": {"executed_lines": [], "summary": {"covered_lines": 0, "num_statements": 0, "percent_covered": 100.0, "percent_covered_display": "100.00", "missing_lines": 0, "excluded_lines": 0}, "missing_lines": [], "excluded_lines": []}, "EmbeddingJobResponse": {"executed_lines": [], "summary": {"covered_lines": 0, "num_statements": 0, "percent_covered": 100.0, "percent_covered_display": "100.00", "missing_lines": 0, "excluded_lines": 0}, "missing_lines": [], "excluded_lines": []}, "APIResponse": {"executed_lines": [], "summary": {"covered_lines": 0, "num_statements": 0, "percent_covered": 100.0, "percent_covered_display": "100.00", "missing_lines": 0, "excluded_lines": 0}, "missing_lines": [], "excluded_lines": []}, "": {"executed_lines": [1, 2, 3, 4, 6, 7, 8, 9, 10, 12, 13, 14, 15, 16, 18, 19, 20, 21, 24, 25, 26, 28, 29, 31, 32, 33, 34, 35, 36, 39, 40, 41, 43, 44, 45, 46, 47, 48, 50, 51, 52, 53, 54, 55, 56, 57, 58, 59, 62, 63, 65, 66, 68, 69, 70, 71, 74, 75, 76, 77, 80, 81, 82, 84, 85, 87, 88, 89, 90, 93, 94, 95, 98, 99, 100, 101, 102, 105, 106, 107, 108, 109, 112, 113, 114, 115, 116], "summary": {"covered_lines": 87, "num_statements": 87, "percent_covered": 100.0, "percent_covered_display": "100.00", "missing_lines": 0, "excluded_lines": 0}, "missing_lines": [], "excluded_lines": []}}}, "src/routes/embedding.py": {"executed_lines": [1, 2, 3, 4, 5, 7, 9, 10, 44, 45, 81, 82, 113, 114], "summary": {"covered_lines": 14, "num_statements": 57, "percent_covered": 24.56140350877193, "percent_covered_display": "24.56", "missing_lines": 43, "excluded_lines": 0}, "missing_lines": [15, 17, 19, 20, 26, 29, 34, 41, 42, 51, 53, 55, 56, 58, 61, 66, 67, 69, 76, 77, 78, 79, 87, 89, 91, 98, 99, 100, 101, 102, 104, 110, 111, 120, 122, 124, 125, 127, 129, 137, 138, 139, 140], "excluded_lines": [], "functions": {"start_embedding_process": {"executed_lines": [], "summary": {"covered_lines": 0, "num_statements": 9, "percent_covered": 0.0, "percent_covered_display": "0.00", "missing_lines": 9, "excluded_lines": 0}, "missing_lines": [15, 17, 19, 20, 26, 29, 34, 41, 42], "excluded_lines": []}, "start_embedding_for_document": {"executed_lines": [], "summary": {"covered_lines": 0, "num_statements": 13, "percent_covered": 0.0, "percent_covered_display": "0.00", "missing_lines": 13, "excluded_lines": 0}, "missing_lines": [51, 53, 55, 56, 58, 61, 66, 67, 69, 76, 77, 78, 79], "excluded_lines": []}, "get_embedding_status": {"executed_lines": [], "summary": {"covered_lines": 0, "num_statements": 11, "percent_covered": 0.0, "percent_covered_display": "0.00", "missing_lines": 11, "excluded_lines": 0}, "missing_lines": [87, 89, 91, 98, 99, 100, 101, 102, 104, 110, 111], "excluded_lines": []}, "get_document_embedding_status": {"executed_lines": [], "summary": {"covered_lines": 0, "num_statements": 10, "percent_covered": 0.0, "percent_covered_display": "0.00", "missing_lines": 10, "excluded_lines": 0}, "missing_lines": [120, 122, 124, 125, 127, 129, 137, 138, 139, 140], "excluded_lines": []}, "": {"executed_lines": [1, 2, 3, 4, 5, 7, 9, 10, 44, 45, 81, 82, 113, 114], "summary": {"covered_lines": 14, "num_statements": 14, "percent_covered": 100.0, "percent_covered_display": "100.00", "missing_lines": 0, "excluded_lines": 0}, "missing_lines": [], "excluded_lines": []}}, "classes": {"": {"executed_lines": [1, 2, 3, 4, 5, 7, 9, 10, 44, 45, 81, 82, 113, 114], "summary": {"covered_lines": 14, "num_statements": 57, "percent_covered": 24.56140350877193, "percent_covered_display": "24.56", "missing_lines": 43, "excluded_lines": 0}, "missing_lines": [15, 17, 19, 20, 26, 29, 34, 41, 42, 51, 53, 55, 56, 58, 61, 66, 67, 69, 76, 77, 78, 79, 87, 89, 91, 98, 99, 100, 101, 102, 104, 110, 111, 120, 122, 124, 125, 127, 129, 137, 138, 139, 140], "excluded_lines": []}}}, "src/services/minio_service.py": {"executed_lines": [1, 2, 3, 4, 5, 6, 8, 10, 11, 12, 13, 14, 15, 16, 17, 19, 21, 22, 30, 31, 32, 34, 36, 37, 38, 40, 42, 43, 45, 47, 48, 51, 52, 54, 55, 64, 65, 66, 68, 69, 70, 71, 72, 73, 75, 77, 78, 80, 82, 83, 85, 86, 87, 88, 89, 90, 91, 93, 94, 95, 96, 97, 98, 100, 102, 103, 105, 107, 108, 110, 111, 112, 113, 115, 116, 117, 118, 119, 120, 122, 124, 126, 127, 129, 130, 131, 133, 134, 135, 136, 137, 138, 139, 140, 142, 144, 155, 158, 160, 163, 164, 165], "summary": {"covered_lines": 102, "num_statements": 102, "percent_covered": 100.0, "percent_covered_display": "100.00", "missing_lines": 0, "excluded_lines": 0}, "missing_lines": [], "excluded_lines": [], "functions": {"MinioService.__init__": {"executed_lines": [12, 13, 14, 15, 16, 17], "summary": {"covered_lines": 6, "num_statements": 6, "percent_covered": 100.0, "percent_covered_display": "100.00", "missing_lines": 0, "excluded_lines": 0}, "missing_lines": [], "excluded_lines": []}, "MinioService.initialize": {"executed_lines": [21, 22, 30, 31, 32, 34, 36, 37, 38], "summary": {"covered_lines": 9, "num_statements": 9, "percent_covered": 100.0, "percent_covered_display": "100.00", "missing_lines": 0, "excluded_lines": 0}, "missing_lines": [], "excluded_lines": []}, "MinioService.upload_file": {"executed_lines": [42, 43, 45, 47, 48, 51, 52, 54, 55, 64, 65, 66, 68, 69, 70, 71, 72, 73], "summary": {"covered_lines": 18, "num_statements": 18, "percent_covered": 100.0, "percent_covered_display": "100.00", "missing_lines": 0, "excluded_lines": 0}, "missing_lines": [], "excluded_lines": []}, "MinioService.download_file": {"executed_lines": [77, 78, 80, 82, 83, 85, 86, 87, 88, 89, 90, 91, 93, 94, 95, 96, 97, 98], "summary": {"covered_lines": 18, "num_statements": 18, "percent_covered": 100.0, "percent_covered_display": "100.00", "missing_lines": 0, "excluded_lines": 0}, "missing_lines": [], "excluded_lines": []}, "MinioService.delete_file": {"executed_lines": [102, 103, 105, 107, 108, 110, 111, 112, 113, 115, 116, 117, 118, 119, 120], "summary": {"covered_lines": 15, "num_statements": 15, "percent_covered": 100.0, "percent_covered_display": "100.00", "missing_lines": 0, "excluded_lines": 0}, "missing_lines": [], "excluded_lines": []}, "MinioService.list_files": {"executed_lines": [124, 126, 127, 129, 130, 131, 133, 134, 135, 136, 137, 138, 139, 140], "summary": {"covered_lines": 14, "num_statements": 14, "percent_covered": 100.0, "percent_covered_display": "100.00", "missing_lines": 0, "excluded_lines": 0}, "missing_lines": [], "excluded_lines": []}, "MinioService._get_content_type": {"executed_lines": [144, 155], "summary": {"covered_lines": 2, "num_statements": 2, "percent_covered": 100.0, "percent_covered_display": "100.00", "missing_lines": 0, "excluded_lines": 0}, "missing_lines": [], "excluded_lines": []}, "get_minio_service": {"executed_lines": [163, 164, 165], "summary": {"covered_lines": 3, "num_statements": 3, "percent_covered": 100.0, "percent_covered_display": "100.00", "missing_lines": 0, "excluded_lines": 0}, "missing_lines": [], "excluded_lines": []}, "": {"executed_lines": [1, 2, 3, 4, 5, 6, 8, 10, 11, 19, 40, 75, 100, 122, 142, 158, 160], "summary": {"covered_lines": 17, "num_statements": 17, "percent_covered": 100.0, "percent_covered_display": "100.00", "missing_lines": 0, "excluded_lines": 0}, "missing_lines": [], "excluded_lines": []}}, "classes": {"MinioService": {"executed_lines": [12, 13, 14, 15, 16, 17, 21, 22, 30, 31, 32, 34, 36, 37, 38, 42, 43, 45, 47, 48, 51, 52, 54, 55, 64, 65, 66, 68, 69, 70, 71, 72, 73, 77, 78, 80, 82, 83, 85, 86, 87, 88, 89, 90, 91, 93, 94, 95, 96, 97, 98, 102, 103, 105, 107, 108, 110, 111, 112, 113, 115, 116, 117, 118, 119, 120, 124, 126, 127, 129, 130, 131, 133, 134, 135, 136, 137, 138, 139, 140, 144, 155], "summary": {"covered_lines": 82, "num_statements": 82, "percent_covered": 100.0, "percent_covered_display": "100.00", "missing_lines": 0, "excluded_lines": 0}, "missing_lines": [], "excluded_lines": []}, "": {"executed_lines": [1, 2, 3, 4, 5, 6, 8, 10, 11, 19, 40, 75, 100, 122, 142, 158, 160, 163, 164, 165], "summary": {"covered_lines": 20, "num_statements": 20, "percent_covered": 100.0, "percent_covered_display": "100.00", "missing_lines": 0, "excluded_lines": 0}, "missing_lines": [], "excluded_lines": []}}}, "src/services/neo4j_service.py": {"executed_lines": [1, 2, 3, 4, 5, 6, 7, 8, 10, 12, 13, 14, 15, 16, 17, 19, 21, 22, 28, 29, 30, 31, 32, 33, 36, 38, 39, 40, 42, 44, 45, 46, 47, 48, 50, 58, 62, 64, 65, 66, 68, 69, 70, 71, 72, 73, 74, 75, 76, 77, 78, 79, 81, 82, 84, 86, 87, 88, 89, 90, 92, 93, 94, 95, 103, 104, 105, 106, 107, 116, 117, 119, 121, 122, 123, 125, 127, 130, 131, 133, 135, 141, 142, 151, 152, 153, 159, 166, 167, 169, 171, 174, 178, 179, 181, 182, 193, 194, 196, 202, 211, 216, 218, 220, 221, 222, 224, 226, 233, 234, 235, 254, 255, 256, 258, 260, 263, 265, 266, 279, 280, 288, 290, 333, 368, 416, 454, 490, 492, 493, 494, 497, 499], "summary": {"covered_lines": 133, "num_statements": 241, "percent_covered": 55.18672199170125, "percent_covered_display": "55.19", "missing_lines": 108, "excluded_lines": 0}, "missing_lines": [59, 60, 96, 100, 101, 108, 109, 110, 111, 112, 113, 114, 128, 129, 172, 173, 175, 176, 213, 214, 215, 261, 262, 264, 281, 295, 296, 299, 321, 322, 324, 325, 326, 331, 335, 336, 337, 339, 340, 342, 356, 357, 358, 363, 364, 365, 366, 372, 373, 376, 379, 387, 388, 389, 390, 392, 394, 397, 398, 399, 400, 402, 403, 404, 406, 408, 409, 411, 412, 413, 414, 418, 419, 420, 422, 423, 425, 426, 427, 430, 431, 432, 435, 436, 437, 440, 441, 442, 444, 450, 451, 452, 456, 457, 458, 460, 461, 463, 475, 476, 477, 485, 486, 487, 488, 502, 503, 504], "excluded_lines": [], "functions": {"Neo4jService.__init__": {"executed_lines": [14, 15, 16, 17], "summary": {"covered_lines": 4, "num_statements": 4, "percent_covered": 100.0, "percent_covered_display": "100.00", "missing_lines": 0, "excluded_lines": 0}, "missing_lines": [], "excluded_lines": []}, "Neo4jService.initialize": {"executed_lines": [21, 22, 28, 29, 30, 31, 32, 33, 36, 38, 39, 40], "summary": {"covered_lines": 12, "num_statements": 12, "percent_covered": 100.0, "percent_covered_display": "100.00", "missing_lines": 0, "excluded_lines": 0}, "missing_lines": [], "excluded_lines": []}, "Neo4jService._setup_vector_index": {"executed_lines": [44, 45, 46, 47, 48, 50, 58], "summary": {"covered_lines": 7, "num_statements": 9, "percent_covered": 77.77777777777777, "percent_covered_display": "77.78", "missing_lines": 2, "excluded_lines": 0}, "missing_lines": [59, 60], "excluded_lines": []}, "Neo4jService._run_with_retry": {"executed_lines": [64, 65, 66, 68, 69, 70, 71, 72, 73, 74, 75, 76, 77, 78, 79, 81, 82], "summary": {"covered_lines": 17, "num_statements": 17, "percent_covered": 100.0, "percent_covered_display": "100.00", "missing_lines": 0, "excluded_lines": 0}, "missing_lines": [], "excluded_lines": []}, "Neo4jService.purge_database": {"executed_lines": [86, 87, 88, 89, 90, 92, 93, 94, 95, 103, 104, 105, 106, 107, 116, 117], "summary": {"covered_lines": 16, "num_statements": 23, "percent_covered": 69.56521739130434, "percent_covered_display": "69.57", "missing_lines": 7, "excluded_lines": 0}, "missing_lines": [108, 109, 110, 111, 112, 113, 114], "excluded_lines": []}, "Neo4jService.purge_database.purge_batch": {"executed_lines": [], "summary": {"covered_lines": 0, "num_statements": 3, "percent_covered": 0.0, "percent_covered_display": "0.00", "missing_lines": 3, "excluded_lines": 0}, "missing_lines": [96, 100, 101], "excluded_lines": []}, "Neo4jService.get_driver": {"executed_lines": [121, 122, 123], "summary": {"covered_lines": 3, "num_statements": 3, "percent_covered": 100.0, "percent_covered_display": "100.00", "missing_lines": 0, "excluded_lines": 0}, "missing_lines": [], "excluded_lines": []}, "Neo4jService.save_raw_structured_data": {"executed_lines": [127, 130, 131, 133, 166, 167], "summary": {"covered_lines": 6, "num_statements": 8, "percent_covered": 75.0, "percent_covered_display": "75.00", "missing_lines": 2, "excluded_lines": 0}, "missing_lines": [128, 129], "excluded_lines": []}, "Neo4jService.save_raw_structured_data.transaction_func": {"executed_lines": [135, 141, 142, 151, 152, 153, 159], "summary": {"covered_lines": 7, "num_statements": 7, "percent_covered": 100.0, "percent_covered_display": "100.00", "missing_lines": 0, "excluded_lines": 0}, "missing_lines": [], "excluded_lines": []}, "Neo4jService.save_structured_data": {"executed_lines": [171, 174, 178, 179, 181, 182, 193, 194, 196, 202, 211, 216], "summary": {"covered_lines": 12, "num_statements": 19, "percent_covered": 63.1578947368421, "percent_covered_display": "63.16", "missing_lines": 7, "excluded_lines": 0}, "missing_lines": [172, 173, 175, 176, 213, 214, 215], "excluded_lines": []}, "Neo4jService.store_chunks": {"executed_lines": [220, 221, 222, 224, 254, 255, 256], "summary": {"covered_lines": 7, "num_statements": 7, "percent_covered": 100.0, "percent_covered_display": "100.00", "missing_lines": 0, "excluded_lines": 0}, "missing_lines": [], "excluded_lines": []}, "Neo4jService.store_chunks.transaction_func": {"executed_lines": [226, 233, 234, 235], "summary": {"covered_lines": 4, "num_statements": 4, "percent_covered": 100.0, "percent_covered_display": "100.00", "missing_lines": 0, "excluded_lines": 0}, "missing_lines": [], "excluded_lines": []}, "Neo4jService.search_chunks_by_vector": {"executed_lines": [260, 263, 265, 266, 279, 280, 288], "summary": {"covered_lines": 7, "num_statements": 11, "percent_covered": 63.63636363636363, "percent_covered_display": "63.64", "missing_lines": 4, "excluded_lines": 0}, "missing_lines": [261, 262, 264, 281], "excluded_lines": []}, "Neo4jService.get_relations_from_chunks": {"executed_lines": [], "summary": {"covered_lines": 0, "num_statements": 9, "percent_covered": 0.0, "percent_covered_display": "0.00", "missing_lines": 9, "excluded_lines": 0}, "missing_lines": [295, 296, 299, 321, 322, 324, 325, 326, 331], "excluded_lines": []}, "Neo4jService.get_entity_relations": {"executed_lines": [], "summary": {"covered_lines": 0, "num_statements": 13, "percent_covered": 0.0, "percent_covered_display": "0.00", "missing_lines": 13, "excluded_lines": 0}, "missing_lines": [335, 336, 337, 339, 340, 342, 356, 357, 358, 363, 364, 365, 366], "excluded_lines": []}, "Neo4jService.find_paths_between_entities": {"executed_lines": [], "summary": {"covered_lines": 0, "num_statements": 24, "percent_covered": 0.0, "percent_covered_display": "0.00", "missing_lines": 24, "excluded_lines": 0}, "missing_lines": [372, 373, 376, 379, 387, 388, 389, 390, 392, 394, 397, 398, 399, 400, 402, 403, 404, 406, 408, 409, 411, 412, 413, 414], "excluded_lines": []}, "Neo4jService.get_statistics": {"executed_lines": [], "summary": {"covered_lines": 0, "num_statements": 21, "percent_covered": 0.0, "percent_covered_display": "0.00", "missing_lines": 21, "excluded_lines": 0}, "missing_lines": [418, 419, 420, 422, 423, 425, 426, 427, 430, 431, 432, 435, 436, 437, 440, 441, 442, 444, 450, 451, 452], "excluded_lines": []}, "Neo4jService.get_indexed_documents": {"executed_lines": [], "summary": {"covered_lines": 0, "num_statements": 13, "percent_covered": 0.0, "percent_covered_display": "0.00", "missing_lines": 13, "excluded_lines": 0}, "missing_lines": [456, 457, 458, 460, 461, 463, 475, 476, 477, 485, 486, 487, 488], "excluded_lines": []}, "Neo4jService.close": {"executed_lines": [492, 493, 494], "summary": {"covered_lines": 3, "num_statements": 3, "percent_covered": 100.0, "percent_covered_display": "100.00", "missing_lines": 0, "excluded_lines": 0}, "missing_lines": [], "excluded_lines": []}, "get_neo4j_service": {"executed_lines": [], "summary": {"covered_lines": 0, "num_statements": 3, "percent_covered": 0.0, "percent_covered_display": "0.00", "missing_lines": 3, "excluded_lines": 0}, "missing_lines": [502, 503, 504], "excluded_lines": []}, "": {"executed_lines": [1, 2, 3, 4, 5, 6, 7, 8, 10, 12, 13, 19, 42, 62, 84, 119, 125, 169, 218, 258, 290, 333, 368, 416, 454, 490, 497, 499], "summary": {"covered_lines": 28, "num_statements": 28, "percent_covered": 100.0, "percent_covered_display": "100.00", "missing_lines": 0, "excluded_lines": 0}, "missing_lines": [], "excluded_lines": []}}, "classes": {"Neo4jService": {"executed_lines": [14, 15, 16, 17, 21, 22, 28, 29, 30, 31, 32, 33, 36, 38, 39, 40, 44, 45, 46, 47, 48, 50, 58, 64, 65, 66, 68, 69, 70, 71, 72, 73, 74, 75, 76, 77, 78, 79, 81, 82, 86, 87, 88, 89, 90, 92, 93, 94, 95, 103, 104, 105, 106, 107, 116, 117, 121, 122, 123, 127, 130, 131, 133, 135, 141, 142, 151, 152, 153, 159, 166, 167, 171, 174, 178, 179, 181, 182, 193, 194, 196, 202, 211, 216, 220, 221, 222, 224, 226, 233, 234, 235, 254, 255, 256, 260, 263, 265, 266, 279, 280, 288, 492, 493, 494], "summary": {"covered_lines": 105, "num_statements": 210, "percent_covered": 50.0, "percent_covered_display": "50.00", "missing_lines": 105, "excluded_lines": 0}, "missing_lines": [59, 60, 96, 100, 101, 108, 109, 110, 111, 112, 113, 114, 128, 129, 172, 173, 175, 176, 213, 214, 215, 261, 262, 264, 281, 295, 296, 299, 321, 322, 324, 325, 326, 331, 335, 336, 337, 339, 340, 342, 356, 357, 358, 363, 364, 365, 366, 372, 373, 376, 379, 387, 388, 389, 390, 392, 394, 397, 398, 399, 400, 402, 403, 404, 406, 408, 409, 411, 412, 413, 414, 418, 419, 420, 422, 423, 425, 426, 427, 430, 431, 432, 435, 436, 437, 440, 441, 442, 444, 450, 451, 452, 456, 457, 458, 460, 461, 463, 475, 476, 477, 485, 486, 487, 488], "excluded_lines": []}, "": {"executed_lines": [1, 2, 3, 4, 5, 6, 7, 8, 10, 12, 13, 19, 42, 62, 84, 119, 125, 169, 218, 258, 290, 333, 368, 416, 454, 490, 497, 499], "summary": {"covered_lines": 28, "num_statements": 31, "percent_covered": 90.3225806451613, "percent_covered_display": "90.32", "missing_lines": 3, "excluded_lines": 0}, "missing_lines": [502, 503, 504], "excluded_lines": []}}}, "src/services/notaria_rag_service.py": {"executed_lines": [1, 2, 3, 4, 5, 6, 7, 8, 9, 10, 14, 15, 17, 22, 23, 24, 25, 26, 28, 29, 33, 34, 35, 38, 39, 41, 44, 45, 46, 48, 54, 67, 130, 167, 181, 242, 274, 306, 311, 330, 332, 339, 340, 343, 344, 347, 348, 357, 363, 364, 365, 366, 387, 401, 431, 455, 459, 474, 475, 477, 484, 485, 488, 489, 491, 493, 494, 495, 510, 536, 597, 601, 602, 609, 610, 616, 617, 621, 623, 624, 625, 627, 630, 631, 633, 638, 641, 642, 643, 646, 647, 649, 650, 652, 653, 656, 668, 703, 717, 738, 766, 767], "summary": {"covered_lines": 100, "num_statements": 375, "percent_covered": 26.666666666666668, "percent_covered_display": "26.67", "missing_lines": 275, "excluded_lines": 0}, "missing_lines": [40, 47, 56, 57, 58, 59, 60, 61, 62, 63, 64, 65, 73, 74, 75, 77, 79, 80, 82, 83, 84, 85, 87, 90, 92, 93, 94, 95, 98, 100, 101, 104, 106, 107, 109, 111, 115, 116, 118, 121, 122, 124, 132, 133, 134, 135, 136, 137, 138, 139, 141, 142, 143, 144, 145, 146, 148, 150, 151, 152, 153, 155, 156, 157, 158, 159, 160, 162, 163, 165, 169, 170, 171, 175, 176, 177, 178, 179, 183, 212, 213, 215, 222, 223, 224, 225, 226, 227, 230, 231, 232, 233, 234, 236, 237, 238, 239, 240, 244, 254, 255, 261, 262, 263, 264, 265, 266, 267, 268, 276, 277, 279, 280, 281, 282, 283, 284, 285, 288, 291, 292, 293, 296, 297, 298, 299, 300, 341, 350, 351, 353, 354, 355, 369, 370, 372, 373, 374, 376, 377, 378, 380, 381, 389, 390, 391, 392, 394, 395, 397, 398, 399, 406, 409, 410, 411, 412, 414, 417, 419, 420, 421, 423, 426, 427, 429, 433, 434, 435, 436, 438, 439, 441, 442, 445, 446, 448, 449, 450, 451, 453, 486, 490, 496, 498, 499, 500, 501, 502, 503, 504, 505, 506, 507, 508, 512, 527, 534, 542, 543, 544, 545, 547, 549, 571, 578, 581, 582, 583, 584, 585, 591, 618, 622, 658, 661, 663, 666, 673, 676, 679, 680, 681, 684, 685, 686, 687, 689, 691, 692, 694, 696, 705, 706, 707, 708, 710, 711, 713, 714, 715, 719, 720, 721, 722, 723, 725, 726, 728, 729, 730, 732, 733, 736, 740, 741, 742, 743, 745, 746, 748, 749, 750, 753, 754, 755, 757, 758, 759, 760, 761, 763, 769, 771, 775], "excluded_lines": [], "functions": {"RAGService.__init__": {"executed_lines": [34, 35, 38, 39, 41, 44, 45, 46, 48], "summary": {"covered_lines": 9, "num_statements": 11, "percent_covered": 81.81818181818181, "percent_covered_display": "81.82", "missing_lines": 2, "excluded_lines": 0}, "missing_lines": [40, 47], "excluded_lines": []}, "RAGService._split_text_into_large_chunks": {"executed_lines": [], "summary": {"covered_lines": 0, "num_statements": 10, "percent_covered": 0.0, "percent_covered_display": "0.00", "missing_lines": 10, "excluded_lines": 0}, "missing_lines": [56, 57, 58, 59, 60, 61, 62, 63, 64, 65], "excluded_lines": []}, "RAGService._chunk_text_for_retrieval": {"executed_lines": [], "summary": {"covered_lines": 0, "num_statements": 30, "percent_covered": 0.0, "percent_covered_display": "0.00", "missing_lines": 30, "excluded_lines": 0}, "missing_lines": [73, 74, 75, 77, 79, 80, 82, 83, 84, 85, 87, 90, 92, 93, 94, 95, 98, 100, 101, 104, 106, 107, 109, 111, 115, 116, 118, 121, 122, 124], "excluded_lines": []}, "RAGService._get_embeddings": {"executed_lines": [], "summary": {"covered_lines": 0, "num_statements": 28, "percent_covered": 0.0, "percent_covered_display": "0.00", "missing_lines": 28, "excluded_lines": 0}, "missing_lines": [132, 133, 134, 135, 136, 137, 138, 139, 141, 142, 143, 144, 145, 146, 148, 150, 151, 152, 153, 155, 156, 157, 158, 159, 160, 162, 163, 165], "excluded_lines": []}, "RAGService._process_embedding_batch": {"executed_lines": [], "summary": {"covered_lines": 0, "num_statements": 8, "percent_covered": 0.0, "percent_covered_display": "0.00", "missing_lines": 8, "excluded_lines": 0}, "missing_lines": [169, 170, 171, 175, 176, 177, 178, 179], "excluded_lines": []}, "RAGService._extract_entities_from_text": {"executed_lines": [], "summary": {"covered_lines": 0, "num_statements": 20, "percent_covered": 0.0, "percent_covered_display": "0.00", "missing_lines": 20, "excluded_lines": 0}, "missing_lines": [183, 212, 213, 215, 222, 223, 224, 225, 226, 227, 230, 231, 232, 233, 234, 236, 237, 238, 239, 240], "excluded_lines": []}, "RAGService._repair_json_with_llm": {"executed_lines": [], "summary": {"covered_lines": 0, "num_statements": 11, "percent_covered": 0.0, "percent_covered_display": "0.00", "missing_lines": 11, "excluded_lines": 0}, "missing_lines": [244, 254, 255, 261, 262, 263, 264, 265, 266, 267, 268], "excluded_lines": []}, "RAGService.ingest_raw_document": {"executed_lines": [], "summary": {"covered_lines": 0, "num_statements": 18, "percent_covered": 0.0, "percent_covered_display": "0.00", "missing_lines": 18, "excluded_lines": 0}, "missing_lines": [276, 277, 279, 280, 281, 282, 283, 284, 285, 288, 291, 292, 293, 296, 297, 298, 299, 300], "excluded_lines": []}, "RAGService._llm_query_planner": {"executed_lines": [311, 330, 332, 339, 340, 343, 344, 347, 348], "summary": {"covered_lines": 9, "num_statements": 15, "percent_covered": 60.0, "percent_covered_display": "60.00", "missing_lines": 6, "excluded_lines": 0}, "missing_lines": [341, 350, 351, 353, 354, 355], "excluded_lines": []}, "RAGService._select_rag_strategy": {"executed_lines": [363, 364, 365, 366], "summary": {"covered_lines": 4, "num_statements": 14, "percent_covered": 28.571428571428573, "percent_covered_display": "28.57", "missing_lines": 10, "excluded_lines": 0}, "missing_lines": [369, 370, 372, 373, 374, 376, 377, 378, 380, 381], "excluded_lines": []}, "RAGService._execute_vector_only": {"executed_lines": [], "summary": {"covered_lines": 0, "num_statements": 9, "percent_covered": 0.0, "percent_covered_display": "0.00", "missing_lines": 9, "excluded_lines": 0}, "missing_lines": [389, 390, 391, 392, 394, 395, 397, 398, 399], "excluded_lines": []}, "RAGService._execute_graph_first": {"executed_lines": [], "summary": {"covered_lines": 0, "num_statements": 14, "percent_covered": 0.0, "percent_covered_display": "0.00", "missing_lines": 14, "excluded_lines": 0}, "missing_lines": [406, 409, 410, 411, 412, 414, 417, 419, 420, 421, 423, 426, 427, 429], "excluded_lines": []}, "RAGService._execute_hybrid": {"executed_lines": [], "summary": {"covered_lines": 0, "num_statements": 15, "percent_covered": 0.0, "percent_covered_display": "0.00", "missing_lines": 15, "excluded_lines": 0}, "missing_lines": [433, 434, 435, 436, 438, 439, 441, 442, 445, 446, 448, 449, 450, 451, 453], "excluded_lines": []}, "RAGService._extract_entities_from_query": {"executed_lines": [459, 474, 475, 477, 484, 485, 488, 489, 491, 493, 494, 495], "summary": {"covered_lines": 12, "num_statements": 26, "percent_covered": 46.15384615384615, "percent_covered_display": "46.15", "missing_lines": 14, "excluded_lines": 0}, "missing_lines": [486, 490, 496, 498, 499, 500, 501, 502, 503, 504, 505, 506, 507, 508], "excluded_lines": []}, "RAGService._synthesize_answer": {"executed_lines": [], "summary": {"covered_lines": 0, "num_statements": 3, "percent_covered": 0.0, "percent_covered_display": "0.00", "missing_lines": 3, "excluded_lines": 0}, "missing_lines": [512, 527, 534], "excluded_lines": []}, "RAGService._synthesize_answer_with_citations": {"executed_lines": [], "summary": {"covered_lines": 0, "num_statements": 14, "percent_covered": 0.0, "percent_covered_display": "0.00", "missing_lines": 14, "excluded_lines": 0}, "missing_lines": [542, 543, 544, 545, 547, 549, 571, 578, 581, 582, 583, 584, 585, 591], "excluded_lines": []}, "RAGService._expand_and_vectorize_query": {"executed_lines": [601, 602, 609, 610, 616, 617, 621, 623, 624, 625, 627, 630, 631], "summary": {"covered_lines": 13, "num_statements": 15, "percent_covered": 86.66666666666667, "percent_covered_display": "86.67", "missing_lines": 2, "excluded_lines": 0}, "missing_lines": [618, 622], "excluded_lines": []}, "RAGService.query": {"executed_lines": [638, 641, 642, 643, 646, 647, 649, 650, 652, 653, 656], "summary": {"covered_lines": 11, "num_statements": 15, "percent_covered": 73.33333333333333, "percent_covered_display": "73.33", "missing_lines": 4, "excluded_lines": 0}, "missing_lines": [658, 661, 663, 666], "excluded_lines": []}, "RAGService.query_with_metrics": {"executed_lines": [], "summary": {"covered_lines": 0, "num_statements": 14, "percent_covered": 0.0, "percent_covered_display": "0.00", "missing_lines": 14, "excluded_lines": 0}, "missing_lines": [673, 676, 679, 680, 681, 684, 685, 686, 687, 689, 691, 692, 694, 696], "excluded_lines": []}, "RAGService._execute_vector_only_with_metrics": {"executed_lines": [], "summary": {"covered_lines": 0, "num_statements": 9, "percent_covered": 0.0, "percent_covered_display": "0.00", "missing_lines": 9, "excluded_lines": 0}, "missing_lines": [705, 706, 707, 708, 710, 711, 713, 714, 715], "excluded_lines": []}, "RAGService._execute_graph_first_with_metrics": {"executed_lines": [], "summary": {"covered_lines": 0, "num_statements": 13, "percent_covered": 0.0, "percent_covered_display": "0.00", "missing_lines": 13, "excluded_lines": 0}, "missing_lines": [719, 720, 721, 722, 723, 725, 726, 728, 729, 730, 732, 733, 736], "excluded_lines": []}, "RAGService._execute_hybrid_with_metrics": {"executed_lines": [], "summary": {"covered_lines": 0, "num_statements": 18, "percent_covered": 0.0, "percent_covered_display": "0.00", "missing_lines": 18, "excluded_lines": 0}, "missing_lines": [740, 741, 742, 743, 745, 746, 748, 749, 750, 753, 754, 755, 757, 758, 759, 760, 761, 763], "excluded_lines": []}, "get_rag_service": {"executed_lines": [], "summary": {"covered_lines": 0, "num_statements": 3, "percent_covered": 0.0, "percent_covered_display": "0.00", "missing_lines": 3, "excluded_lines": 0}, "missing_lines": [769, 771, 775], "excluded_lines": []}, "": {"executed_lines": [1, 2, 3, 4, 5, 6, 7, 8, 9, 10, 14, 15, 17, 22, 23, 24, 25, 26, 28, 29, 33, 54, 67, 130, 167, 181, 242, 274, 306, 357, 387, 401, 431, 455, 510, 536, 597, 633, 668, 703, 717, 738, 766, 767], "summary": {"covered_lines": 42, "num_statements": 42, "percent_covered": 100.0, "percent_covered_display": "100.00", "missing_lines": 0, "excluded_lines": 0}, "missing_lines": [], "excluded_lines": []}}, "classes": {"RAGStrategy": {"executed_lines": [], "summary": {"covered_lines": 0, "num_statements": 0, "percent_covered": 100.0, "percent_covered_display": "100.00", "missing_lines": 0, "excluded_lines": 0}, "missing_lines": [], "excluded_lines": []}, "RAGService": {"executed_lines": [34, 35, 38, 39, 41, 44, 45, 46, 48, 311, 330, 332, 339, 340, 343, 344, 347, 348, 363, 364, 365, 366, 459, 474, 475, 477, 484, 485, 488, 489, 491, 493, 494, 495, 601, 602, 609, 610, 616, 617, 621, 623, 624, 625, 627, 630, 631, 638, 641, 642, 643, 646, 647, 649, 650, 652, 653, 656], "summary": {"covered_lines": 58, "num_statements": 330, "percent_covered": 17.575757575757574, "percent_covered_display": "17.58", "missing_lines": 272, "excluded_lines": 0}, "missing_lines": [40, 47, 56, 57, 58, 59, 60, 61, 62, 63, 64, 65, 73, 74, 75, 77, 79, 80, 82, 83, 84, 85, 87, 90, 92, 93, 94, 95, 98, 100, 101, 104, 106, 107, 109, 111, 115, 116, 118, 121, 122, 124, 132, 133, 134, 135, 136, 137, 138, 139, 141, 142, 143, 144, 145, 146, 148, 150, 151, 152, 153, 155, 156, 157, 158, 159, 160, 162, 163, 165, 169, 170, 171, 175, 176, 177, 178, 179, 183, 212, 213, 215, 222, 223, 224, 225, 226, 227, 230, 231, 232, 233, 234, 236, 237, 238, 239, 240, 244, 254, 255, 261, 262, 263, 264, 265, 266, 267, 268, 276, 277, 279, 280, 281, 282, 283, 284, 285, 288, 291, 292, 293, 296, 297, 298, 299, 300, 341, 350, 351, 353, 354, 355, 369, 370, 372, 373, 374, 376, 377, 378, 380, 381, 389, 390, 391, 392, 394, 395, 397, 398, 399, 406, 409, 410, 411, 412, 414, 417, 419, 420, 421, 423, 426, 427, 429, 433, 434, 435, 436, 438, 439, 441, 442, 445, 446, 448, 449, 450, 451, 453, 486, 490, 496, 498, 499, 500, 501, 502, 503, 504, 505, 506, 507, 508, 512, 527, 534, 542, 543, 544, 545, 547, 549, 571, 578, 581, 582, 583, 584, 585, 591, 618, 622, 658, 661, 663, 666, 673, 676, 679, 680, 681, 684, 685, 686, 687, 689, 691, 692, 694, 696, 705, 706, 707, 708, 710, 711, 713, 714, 715, 719, 720, 721, 722, 723, 725, 726, 728, 729, 730, 732, 733, 736, 740, 741, 742, 743, 745, 746, 748, 749, 750, 753, 754, 755, 757, 758, 759, 760, 761, 763], "excluded_lines": []}, "": {"executed_lines": [1, 2, 3, 4, 5, 6, 7, 8, 9, 10, 14, 15, 17, 22, 23, 24, 25, 26, 28, 29, 33, 54, 67, 130, 167, 181, 242, 274, 306, 357, 387, 401, 431, 455, 510, 536, 597, 633, 668, 703, 717, 738, 766, 767], "summary": {"covered_lines": 42, "num_statements": 45, "percent_covered": 93.33333333333333, "percent_covered_display": "93.33", "missing_lines": 3, "excluded_lines": 0}, "missing_lines": [769, 771, 775], "excluded_lines": []}}}, "src/services/ontology_service.py": {"executed_lines": [], "summary": {"covered_lines": 0, "num_statements": 48, "percent_covered": 0.0, "percent_covered_display": "0.00", "missing_lines": 48, "excluded_lines": 0}, "missing_lines": [2, 3, 4, 6, 8, 9, 10, 11, 12, 13, 14, 16, 17, 18, 19, 20, 21, 22, 23, 25, 27, 29, 36, 37, 39, 40, 41, 42, 43, 45, 47, 48, 49, 52, 53, 55, 56, 58, 64, 65, 66, 67, 68, 70, 71, 73, 75, 76], "excluded_lines": [], "functions": {"OntologyService.__init__": {"executed_lines": [], "summary": {"covered_lines": 0, "num_statements": 13, "percent_covered": 0.0, "percent_covered_display": "0.00", "missing_lines": 13, "excluded_lines": 0}, "missing_lines": [10, 11, 12, 13, 14, 16, 17, 18, 19, 20, 21, 22, 23], "excluded_lines": []}, "OntologyService._build_mapping": {"executed_lines": [], "summary": {"covered_lines": 0, "num_statements": 9, "percent_covered": 0.0, "percent_covered_display": "0.00", "missing_lines": 9, "excluded_lines": 0}, "missing_lines": [27, 29, 36, 37, 39, 40, 41, 42, 43], "excluded_lines": []}, "OntologyService.get_class_for_synonym": {"executed_lines": [], "summary": {"covered_lines": 0, "num_statements": 3, "percent_covered": 0.0, "percent_covered_display": "0.00", "missing_lines": 3, "excluded_lines": 0}, "missing_lines": [47, 48, 49], "excluded_lines": []}, "get_ontology_service": {"executed_lines": [], "summary": {"covered_lines": 0, "num_statements": 13, "percent_covered": 0.0, "percent_covered_display": "0.00", "missing_lines": 13, "excluded_lines": 0}, "missing_lines": [55, 56, 58, 64, 65, 66, 67, 68, 70, 71, 73, 75, 76], "excluded_lines": []}, "": {"executed_lines": [], "summary": {"covered_lines": 0, "num_statements": 10, "percent_covered": 0.0, "percent_covered_display": "0.00", "missing_lines": 10, "excluded_lines": 0}, "missing_lines": [2, 3, 4, 6, 8, 9, 25, 45, 52, 53], "excluded_lines": []}}, "classes": {"OntologyService": {"executed_lines": [], "summary": {"covered_lines": 0, "num_statements": 25, "percent_covered": 0.0, "percent_covered_display": "0.00", "missing_lines": 25, "excluded_lines": 0}, "missing_lines": [10, 11, 12, 13, 14, 16, 17, 18, 19, 20, 21, 22, 23, 27, 29, 36, 37, 39, 40, 41, 42, 43, 47, 48, 49], "excluded_lines": []}, "": {"executed_lines": [], "summary": {"covered_lines": 0, "num_statements": 23, "percent_covered": 0.0, "percent_covered_display": "0.00", "missing_lines": 23, "excluded_lines": 0}, "missing_lines": [2, 3, 4, 6, 8, 9, 25, 45, 52, 53, 55, 56, 58, 64, 65, 66, 67, 68, 70, 71, 73, 75, 76], "excluded_lines": []}}}}, "totals": {"covered_lines": 696, "num_statements": 2425, "percent_covered": 28.701030927835053, "percent_covered_display": "28.70", "missing_lines": 1729, "excluded_lines": 5}}